[2023-01-14T15:01:58.346] [WARN] default - Se intento ingresar al a ruta /favicon.ico
[2023-01-14T15:01:59.377] [WARN] default - Se intento ingresar al a ruta /favicon.ico
[2023-01-14T15:02:00.170] [WARN] default - Se intento ingresar al a ruta /favicon.ico
[2023-01-14T15:03:36.890] [WARN] default - Se intento ingresar al a ruta /favicon.ico
[2023-01-14T15:04:05.299] [WARN] default - Se intento ingresar al a ruta /favicon.ico
[2023-01-14T15:04:06.385] [WARN] default - Se intento ingresar al a ruta /favicon.ico
[2023-01-14T15:04:07.206] [WARN] default - Se intento ingresar al a ruta /favicon.ico
[2023-01-14T15:04:08.458] [WARN] default - Se intento ingresar al a ruta /favicon.ico
[2023-01-14T15:04:46.627] [WARN] default - Se intento ingresar al a ruta /favicon.ico
[2023-01-14T15:04:47.664] [WARN] default - Se intento ingresar al a ruta /favicon.ico
[2023-01-14T23:25:18.188] [WARN] default - Se intento ingresar al a ruta /favicon.ico
[2023-01-14T23:25:22.135] [WARN] default - Se intento ingresar al a ruta /favicon.ico
[2023-01-14T23:25:23.617] [WARN] default - Se intento ingresar al a ruta /prueba
[2023-02-06T18:23:36.219] [WARN] default - Se intento ingresar al a ruta /favicon.ico
[2023-02-06T18:24:02.572] [WARN] default - Se intento ingresar al a ruta /favicon.ico
[2023-02-06T18:26:16.174] [WARN] default - Se intento ingresar al a ruta /favicon.ico
[2023-02-06T18:26:51.129] [WARN] default - Se intento ingresar al a ruta /favicon.ico
[2023-02-06T18:29:37.277] [WARN] default - Se intento ingresar al a ruta /favicon.ico
[2023-02-06T18:41:09.346] [WARN] default - Se intento ingresar al a ruta /favicon.ico
[2023-02-06T18:41:13.274] [WARN] default - Se intento ingresar al a ruta /favicon.ico
[2023-02-06T18:50:25.342] [WARN] default - Se intento ingresar al a ruta /favicon.ico
[2023-02-06T18:52:45.325] [WARN] default - Se intento ingresar al a ruta /favicon.ico
[2023-02-06T18:53:58.252] [WARN] default - Se intento ingresar al a ruta /favicon.ico
[2023-02-06T18:55:08.978] [WARN] default - Se intento ingresar al a ruta /favicon.ico
[2023-02-06T18:55:25.433] [WARN] default - Se intento ingresar al a ruta /lregister
[2023-02-06T18:55:30.736] [WARN] default - Se intento ingresar al a ruta /favicon.ico
[2023-02-06T18:55:34.387] [WARN] default - Se intento ingresar al a ruta /favicon.ico
[2023-02-06T18:55:35.670] [WARN] default - Se intento ingresar al a ruta /favicon.ico
[2023-02-06T18:56:02.380] [WARN] default - Se intento ingresar al a ruta /favicon.ico
[2023-02-06T18:56:21.838] [WARN] default - Se intento ingresar al a ruta /favicon.ico
[2023-02-06T18:56:31.200] [WARN] default - Se intento ingresar al a ruta /favicon.ico
[2023-02-06T18:56:43.779] [WARN] default - Se intento ingresar al a ruta /favicon.ico
[2023-02-06T18:57:02.777] [WARN] default - Se intento ingresar al a ruta /favicon.ico
[2023-02-06T18:57:09.133] [WARN] default - Se intento ingresar al a ruta /favicon.ico
[2023-02-06T18:57:26.084] [WARN] default - Se intento ingresar al a ruta /favicon.ico
[2023-02-06T19:01:51.131] [WARN] default - Se intento ingresar al a ruta /favicon.ico
[2023-02-06T19:02:14.726] [WARN] default - Se intento ingresar al a ruta /favicon.ico
[2023-02-06T19:04:05.078] [WARN] default - Se intento ingresar al a ruta /favicon.ico
[2023-02-06T19:06:50.855] [WARN] default - Se intento ingresar al a ruta /favicon.ico
[2023-02-06T20:05:14.137] [WARN] default - Se intento ingresar al a ruta /favicon.ico
[2023-02-06T20:05:20.903] [WARN] default - Se intento ingresar al a ruta /favicon.ico
[2023-02-06T20:05:33.572] [WARN] default - Se intento ingresar al a ruta /favicon.ico
[2023-02-06T20:06:05.033] [WARN] default - Se intento ingresar al a ruta /favicon.ico
[2023-02-06T20:07:34.760] [WARN] default - Se intento ingresar al a ruta /favicon.ico
[2023-02-06T20:07:50.042] [WARN] default - Se intento ingresar al a ruta /favicon.ico
[2023-02-06T20:07:56.959] [WARN] default - Se intento ingresar al a ruta /favicon.ico
[2023-02-06T20:08:11.547] [WARN] default - Se intento ingresar al a ruta /favicon.ico
[2023-02-06T20:08:30.479] [WARN] default - Se intento ingresar al a ruta /favicon.ico
[2023-02-06T20:08:35.972] [WARN] default - Se intento ingresar al a ruta /favicon.ico
[2023-02-07T17:58:51.752] [WARN] default - Se intento ingresar al a ruta /favicon.ico
[2023-02-07T18:01:05.613] [WARN] default - Se intento ingresar al a ruta /favicon.ico
[2023-02-07T19:07:43.893] [WARN] default - Se intento ingresar al a ruta /favicon.ico
[2023-02-07T19:07:50.384] [ERROR] default - MongooseError: Query was already executed: users.findOne({ userName: 'buddy.alan@hotmail.com' })
    at model.Query._wrappedThunk [as _findOne] (D:\Coder House\BackEnd\Desafio 18\node_modules\mongoose\lib\helpers\query\wrapThunk.js:23:19)
    at D:\Coder House\BackEnd\Desafio 18\node_modules\kareem\index.js:426:25
    at process.processTicksAndRejections (node:internal/process/task_queues:77:11) {
  originalStack: 'Error\n' +
    '    at model.Query._wrappedThunk [as _findOne] (D:\\Coder House\\BackEnd\\Desafio 18\\node_modules\\mongoose\\lib\\helpers\\query\\wrapThunk.js:27:28)\n' +
    '    at D:\\Coder House\\BackEnd\\Desafio 18\\node_modules\\kareem\\index.js:426:25\n' +
    '    at process.processTicksAndRejections (node:internal/process/task_queues:77:11)'
}
[2023-02-07T19:07:50.940] [WARN] default - Se intento ingresar al a ruta /favicon.ico
[2023-02-07T19:07:54.987] [ERROR] default - MongooseError: Query was already executed: users.findOne({ userName: 'buddy.alan@hotmail.com' })
    at model.Query._wrappedThunk [as _findOne] (D:\Coder House\BackEnd\Desafio 18\node_modules\mongoose\lib\helpers\query\wrapThunk.js:23:19)
    at D:\Coder House\BackEnd\Desafio 18\node_modules\kareem\index.js:426:25
    at process.processTicksAndRejections (node:internal/process/task_queues:77:11) {
  originalStack: 'Error\n' +
    '    at model.Query._wrappedThunk [as _findOne] (D:\\Coder House\\BackEnd\\Desafio 18\\node_modules\\mongoose\\lib\\helpers\\query\\wrapThunk.js:27:28)\n' +
    '    at D:\\Coder House\\BackEnd\\Desafio 18\\node_modules\\kareem\\index.js:426:25\n' +
    '    at process.processTicksAndRejections (node:internal/process/task_queues:77:11)'
}
[2023-02-07T19:07:55.315] [WARN] default - Se intento ingresar al a ruta /favicon.ico
[2023-02-07T19:07:58.306] [ERROR] default - MongooseError: Query was already executed: users.findOne({ userName: 'buddy.alan@hotmail.com' })
    at model.Query._wrappedThunk [as _findOne] (D:\Coder House\BackEnd\Desafio 18\node_modules\mongoose\lib\helpers\query\wrapThunk.js:23:19)
    at D:\Coder House\BackEnd\Desafio 18\node_modules\kareem\index.js:426:25
    at process.processTicksAndRejections (node:internal/process/task_queues:77:11) {
  originalStack: 'Error\n' +
    '    at model.Query._wrappedThunk [as _findOne] (D:\\Coder House\\BackEnd\\Desafio 18\\node_modules\\mongoose\\lib\\helpers\\query\\wrapThunk.js:27:28)\n' +
    '    at D:\\Coder House\\BackEnd\\Desafio 18\\node_modules\\kareem\\index.js:426:25\n' +
    '    at process.processTicksAndRejections (node:internal/process/task_queues:77:11)'
}
[2023-02-07T19:07:58.620] [WARN] default - Se intento ingresar al a ruta /favicon.ico
[2023-02-07T19:28:08.439] [WARN] default - Se intento ingresar al a ruta /favicon.ico
[2023-02-07T19:28:12.130] [WARN] default - Se intento ingresar al a ruta /favicon.ico
[2023-02-07T19:28:20.112] [WARN] default - Se intento ingresar al a ruta /favicon.ico
[2023-02-07T19:28:33.343] [WARN] default - Se intento ingresar al a ruta /favicon.ico
[2023-02-07T19:28:35.722] [WARN] default - Se intento ingresar al a ruta /favicon.ico
[2023-02-07T19:42:50.502] [WARN] default - Se intento ingresar al a ruta /favicon.ico
[2023-02-07T19:43:34.740] [WARN] default - Se intento ingresar al a ruta /favicon.ico
[2023-02-07T19:43:56.412] [WARN] default - Se intento ingresar al a ruta /favicon.ico
[2023-02-07T19:50:39.728] [WARN] default - Se intento ingresar al a ruta /favicon.ico
[2023-02-07T19:51:55.939] [ERROR] default - MongooseError: Query was already executed: users.findOne({ userName: 'a123@a' })
    at model.Query._wrappedThunk [as _findOne] (D:\Coder House\BackEnd\Desafio 18\node_modules\mongoose\lib\helpers\query\wrapThunk.js:23:19)
    at D:\Coder House\BackEnd\Desafio 18\node_modules\kareem\index.js:426:25
    at process.processTicksAndRejections (node:internal/process/task_queues:77:11) {
  originalStack: 'Error\n' +
    '    at model.Query._wrappedThunk [as _findOne] (D:\\Coder House\\BackEnd\\Desafio 18\\node_modules\\mongoose\\lib\\helpers\\query\\wrapThunk.js:27:28)\n' +
    '    at D:\\Coder House\\BackEnd\\Desafio 18\\node_modules\\kareem\\index.js:426:25\n' +
    '    at process.processTicksAndRejections (node:internal/process/task_queues:77:11)'
}
[2023-02-07T19:54:31.942] [WARN] default - Se intento ingresar al a ruta /favicon.ico
[2023-02-07T19:54:58.537] [WARN] default - Se intento ingresar al a ruta /favicon.ico
[2023-02-07T19:55:48.256] [WARN] default - Se intento ingresar al a ruta /favicon.ico
[2023-02-07T19:55:52.344] [ERROR] default - MongooseError: Query was already executed: users.findOne({ userName: '123123123123a@a' })
    at model.Query._wrappedThunk [as _findOne] (D:\Coder House\BackEnd\Desafio 18\node_modules\mongoose\lib\helpers\query\wrapThunk.js:23:19)
    at D:\Coder House\BackEnd\Desafio 18\node_modules\kareem\index.js:426:25
    at process.processTicksAndRejections (node:internal/process/task_queues:77:11) {
  originalStack: 'Error\n' +
    '    at model.Query._wrappedThunk [as _findOne] (D:\\Coder House\\BackEnd\\Desafio 18\\node_modules\\mongoose\\lib\\helpers\\query\\wrapThunk.js:27:28)\n' +
    '    at D:\\Coder House\\BackEnd\\Desafio 18\\node_modules\\kareem\\index.js:426:25\n' +
    '    at process.processTicksAndRejections (node:internal/process/task_queues:77:11)'
}
[2023-02-07T19:56:10.053] [ERROR] default - MongooseError: Query was already executed: users.findOne({ userName: 'pepito@jamon.com' })
    at model.Query._wrappedThunk [as _findOne] (D:\Coder House\BackEnd\Desafio 18\node_modules\mongoose\lib\helpers\query\wrapThunk.js:23:19)
    at D:\Coder House\BackEnd\Desafio 18\node_modules\kareem\index.js:426:25
    at process.processTicksAndRejections (node:internal/process/task_queues:77:11) {
  originalStack: 'Error\n' +
    '    at model.Query._wrappedThunk [as _findOne] (D:\\Coder House\\BackEnd\\Desafio 18\\node_modules\\mongoose\\lib\\helpers\\query\\wrapThunk.js:27:28)\n' +
    '    at D:\\Coder House\\BackEnd\\Desafio 18\\node_modules\\kareem\\index.js:426:25\n' +
    '    at process.processTicksAndRejections (node:internal/process/task_queues:77:11)'
}
[2023-02-07T19:56:12.957] [WARN] default - Se intento ingresar al a ruta /favicon.ico
[2023-02-07T19:56:18.354] [WARN] default - Se intento ingresar al a ruta /favicon.ico
[2023-02-07T19:56:20.375] [WARN] default - Se intento ingresar al a ruta /favicon.ico
[2023-02-07T19:56:52.827] [WARN] default - Se intento ingresar al a ruta /favicon.ico
[2023-02-07T19:56:56.046] [WARN] default - Se intento ingresar al a ruta /favicon.ico
[2023-02-07T19:56:56.047] [WARN] default - Se intento ingresar al a ruta /favicon.ico
[2023-02-07T19:57:00.348] [WARN] default - Se intento ingresar al a ruta /favicon.ico
[2023-02-07T19:57:10.426] [ERROR] default - MongooseError: Query was already executed: users.findOne({ userName: 'a@a' })
    at model.Query._wrappedThunk [as _findOne] (D:\Coder House\BackEnd\Desafio 18\node_modules\mongoose\lib\helpers\query\wrapThunk.js:23:19)
    at D:\Coder House\BackEnd\Desafio 18\node_modules\kareem\index.js:426:25
    at process.processTicksAndRejections (node:internal/process/task_queues:77:11) {
  originalStack: 'Error\n' +
    '    at model.Query._wrappedThunk [as _findOne] (D:\\Coder House\\BackEnd\\Desafio 18\\node_modules\\mongoose\\lib\\helpers\\query\\wrapThunk.js:27:28)\n' +
    '    at D:\\Coder House\\BackEnd\\Desafio 18\\node_modules\\kareem\\index.js:426:25\n' +
    '    at process.processTicksAndRejections (node:internal/process/task_queues:77:11)'
}
[2023-02-07T19:57:10.791] [WARN] default - Se intento ingresar al a ruta /favicon.ico
[2023-02-07T19:57:14.137] [ERROR] default - MongooseError: Query was already executed: users.findOne({ userName: 'a@a' })
    at model.Query._wrappedThunk [as _findOne] (D:\Coder House\BackEnd\Desafio 18\node_modules\mongoose\lib\helpers\query\wrapThunk.js:23:19)
    at D:\Coder House\BackEnd\Desafio 18\node_modules\kareem\index.js:426:25
    at process.processTicksAndRejections (node:internal/process/task_queues:77:11) {
  originalStack: 'Error\n' +
    '    at model.Query._wrappedThunk [as _findOne] (D:\\Coder House\\BackEnd\\Desafio 18\\node_modules\\mongoose\\lib\\helpers\\query\\wrapThunk.js:27:28)\n' +
    '    at D:\\Coder House\\BackEnd\\Desafio 18\\node_modules\\kareem\\index.js:426:25\n' +
    '    at process.processTicksAndRejections (node:internal/process/task_queues:77:11)'
}
[2023-02-07T19:57:14.457] [WARN] default - Se intento ingresar al a ruta /favicon.ico
[2023-02-07T19:57:20.372] [ERROR] default - MongooseError: Query was already executed: users.findOne({ userName: 'buddy.alan@hotmail.com' })
    at model.Query._wrappedThunk [as _findOne] (D:\Coder House\BackEnd\Desafio 18\node_modules\mongoose\lib\helpers\query\wrapThunk.js:23:19)
    at D:\Coder House\BackEnd\Desafio 18\node_modules\kareem\index.js:426:25
    at process.processTicksAndRejections (node:internal/process/task_queues:77:11) {
  originalStack: 'Error\n' +
    '    at model.Query._wrappedThunk [as _findOne] (D:\\Coder House\\BackEnd\\Desafio 18\\node_modules\\mongoose\\lib\\helpers\\query\\wrapThunk.js:27:28)\n' +
    '    at D:\\Coder House\\BackEnd\\Desafio 18\\node_modules\\kareem\\index.js:426:25\n' +
    '    at process.processTicksAndRejections (node:internal/process/task_queues:77:11)'
}
[2023-02-07T19:57:20.684] [WARN] default - Se intento ingresar al a ruta /favicon.ico
[2023-02-07T19:57:24.063] [ERROR] default - MongooseError: Query was already executed: users.findOne({ userName: 'buddy.alan2@hotmail.com' })
    at model.Query._wrappedThunk [as _findOne] (D:\Coder House\BackEnd\Desafio 18\node_modules\mongoose\lib\helpers\query\wrapThunk.js:23:19)
    at D:\Coder House\BackEnd\Desafio 18\node_modules\kareem\index.js:426:25
    at process.processTicksAndRejections (node:internal/process/task_queues:77:11) {
  originalStack: 'Error\n' +
    '    at model.Query._wrappedThunk [as _findOne] (D:\\Coder House\\BackEnd\\Desafio 18\\node_modules\\mongoose\\lib\\helpers\\query\\wrapThunk.js:27:28)\n' +
    '    at D:\\Coder House\\BackEnd\\Desafio 18\\node_modules\\kareem\\index.js:426:25\n' +
    '    at process.processTicksAndRejections (node:internal/process/task_queues:77:11)'
}
[2023-02-07T19:57:54.491] [ERROR] default - MongooseError: Query was already executed: users.findOne({ userName: 'buddy.alan2@hotmail.com' })
    at model.Query._wrappedThunk [as _findOne] (D:\Coder House\BackEnd\Desafio 18\node_modules\mongoose\lib\helpers\query\wrapThunk.js:23:19)
    at D:\Coder House\BackEnd\Desafio 18\node_modules\kareem\index.js:426:25
    at process.processTicksAndRejections (node:internal/process/task_queues:77:11) {
  originalStack: 'Error\n' +
    '    at model.Query._wrappedThunk [as _findOne] (D:\\Coder House\\BackEnd\\Desafio 18\\node_modules\\mongoose\\lib\\helpers\\query\\wrapThunk.js:27:28)\n' +
    '    at D:\\Coder House\\BackEnd\\Desafio 18\\node_modules\\kareem\\index.js:426:25\n' +
    '    at process.processTicksAndRejections (node:internal/process/task_queues:77:11)'
}
[2023-02-07T19:58:32.704] [ERROR] default - MongooseError: Query was already executed: users.findOne({ userName: 'buddy.alan2@hotmail.com' })
    at model.Query._wrappedThunk [as _findOne] (D:\Coder House\BackEnd\Desafio 18\node_modules\mongoose\lib\helpers\query\wrapThunk.js:23:19)
    at D:\Coder House\BackEnd\Desafio 18\node_modules\kareem\index.js:426:25
    at process.processTicksAndRejections (node:internal/process/task_queues:77:11) {
  originalStack: 'Error\n' +
    '    at model.Query._wrappedThunk [as _findOne] (D:\\Coder House\\BackEnd\\Desafio 18\\node_modules\\mongoose\\lib\\helpers\\query\\wrapThunk.js:27:28)\n' +
    '    at D:\\Coder House\\BackEnd\\Desafio 18\\node_modules\\kareem\\index.js:426:25\n' +
    '    at process.processTicksAndRejections (node:internal/process/task_queues:77:11)'
}
[2023-02-07T19:58:58.113] [WARN] default - Se intento ingresar al a ruta /favicon.ico
[2023-02-07T19:59:01.985] [WARN] default - Se intento ingresar al a ruta /favicon.ico
[2023-02-07T19:59:03.979] [ERROR] default - MongooseError: Query was already executed: users.findOne({ userName: 'buddy.alan2@hotmail.com' })
    at model.Query._wrappedThunk [as _findOne] (D:\Coder House\BackEnd\Desafio 18\node_modules\mongoose\lib\helpers\query\wrapThunk.js:23:19)
    at D:\Coder House\BackEnd\Desafio 18\node_modules\kareem\index.js:426:25
    at process.processTicksAndRejections (node:internal/process/task_queues:77:11) {
  originalStack: 'Error\n' +
    '    at model.Query._wrappedThunk [as _findOne] (D:\\Coder House\\BackEnd\\Desafio 18\\node_modules\\mongoose\\lib\\helpers\\query\\wrapThunk.js:27:28)\n' +
    '    at D:\\Coder House\\BackEnd\\Desafio 18\\node_modules\\kareem\\index.js:426:25\n' +
    '    at process.processTicksAndRejections (node:internal/process/task_queues:77:11)'
}
[2023-02-07T20:00:53.985] [WARN] default - Se intento ingresar al a ruta /favicon.ico
[2023-02-07T20:00:57.739] [ERROR] default - MongooseError: Query was already executed: users.findOne({ userName: 'buddy.alan2@hotmail.com' })
    at model.Query._wrappedThunk [as _findOne] (D:\Coder House\BackEnd\Desafio 18\node_modules\mongoose\lib\helpers\query\wrapThunk.js:23:19)
    at D:\Coder House\BackEnd\Desafio 18\node_modules\kareem\index.js:426:25
    at process.processTicksAndRejections (node:internal/process/task_queues:77:11) {
  originalStack: 'Error\n' +
    '    at model.Query._wrappedThunk [as _findOne] (D:\\Coder House\\BackEnd\\Desafio 18\\node_modules\\mongoose\\lib\\helpers\\query\\wrapThunk.js:27:28)\n' +
    '    at D:\\Coder House\\BackEnd\\Desafio 18\\node_modules\\kareem\\index.js:426:25\n' +
    '    at process.processTicksAndRejections (node:internal/process/task_queues:77:11)'
}
[2023-02-07T20:01:49.271] [WARN] default - Se intento ingresar al a ruta /favicon.ico
[2023-02-07T20:01:52.544] [ERROR] default - MongooseError: Query was already executed: users.findOne({ userName: 'buddy.alan2@hotmail.com' })
    at model.Query._wrappedThunk [as _findOne] (D:\Coder House\BackEnd\Desafio 18\node_modules\mongoose\lib\helpers\query\wrapThunk.js:23:19)
    at D:\Coder House\BackEnd\Desafio 18\node_modules\kareem\index.js:426:25
    at process.processTicksAndRejections (node:internal/process/task_queues:77:11) {
  originalStack: 'Error\n' +
    '    at model.Query._wrappedThunk [as _findOne] (D:\\Coder House\\BackEnd\\Desafio 18\\node_modules\\mongoose\\lib\\helpers\\query\\wrapThunk.js:27:28)\n' +
    '    at D:\\Coder House\\BackEnd\\Desafio 18\\node_modules\\kareem\\index.js:426:25\n' +
    '    at process.processTicksAndRejections (node:internal/process/task_queues:77:11)'
}
[2023-02-07T20:14:01.057] [ERROR] default - MongooseError: Query was already executed: users.findOne({ userName: 'buddy.alan2@hotmail.com' })
    at model.Query._wrappedThunk [as _findOne] (D:\Coder House\BackEnd\Desafio 18\node_modules\mongoose\lib\helpers\query\wrapThunk.js:23:19)
    at D:\Coder House\BackEnd\Desafio 18\node_modules\kareem\index.js:426:25
    at process.processTicksAndRejections (node:internal/process/task_queues:77:11) {
  originalStack: 'Error\n' +
    '    at model.Query._wrappedThunk [as _findOne] (D:\\Coder House\\BackEnd\\Desafio 18\\node_modules\\mongoose\\lib\\helpers\\query\\wrapThunk.js:27:28)\n' +
    '    at D:\\Coder House\\BackEnd\\Desafio 18\\node_modules\\kareem\\index.js:426:25\n' +
    '    at process.processTicksAndRejections (node:internal/process/task_queues:77:11)'
}
[2023-02-07T20:15:08.955] [WARN] default - Se intento ingresar al a ruta /favicon.ico
[2023-02-07T20:15:13.286] [ERROR] default - MongooseError: Query was already executed: users.find({ userName: 'buddy.alan2@hotmail.com' })
    at model.Query._wrappedThunk [as _find] (D:\Coder House\BackEnd\Desafio 18\node_modules\mongoose\lib\helpers\query\wrapThunk.js:23:19)
    at D:\Coder House\BackEnd\Desafio 18\node_modules\kareem\index.js:426:25
    at process.processTicksAndRejections (node:internal/process/task_queues:77:11) {
  originalStack: 'Error\n' +
    '    at model.Query._wrappedThunk [as _find] (D:\\Coder House\\BackEnd\\Desafio 18\\node_modules\\mongoose\\lib\\helpers\\query\\wrapThunk.js:27:28)\n' +
    '    at D:\\Coder House\\BackEnd\\Desafio 18\\node_modules\\kareem\\index.js:426:25\n' +
    '    at process.processTicksAndRejections (node:internal/process/task_queues:77:11)'
}
[2023-02-07T20:16:32.108] [WARN] default - Se intento ingresar al a ruta /favicon.ico
[2023-02-07T20:24:37.777] [WARN] default - Se intento ingresar al a ruta /favicon.ico
[2023-02-07T20:28:02.535] [WARN] default - Se intento ingresar al a ruta /favicon.ico
[2023-02-07T20:30:59.647] [WARN] default - Se intento ingresar al a ruta /favicon.ico
[2023-02-07T20:31:09.057] [WARN] default - Se intento ingresar al a ruta /favicon.ico
[2023-02-07T20:31:13.526] [WARN] default - Se intento ingresar al a ruta /favicon.ico
[2023-02-07T20:31:30.269] [WARN] default - Se intento ingresar al a ruta /favicon.ico
[2023-02-07T20:33:45.728] [WARN] default - Se intento ingresar al a ruta /favicon.ico
[2023-02-07T20:35:04.355] [WARN] default - Se intento ingresar al a ruta /favicon.ico
[2023-02-07T20:36:43.546] [WARN] default - Se intento ingresar al a ruta /favicon.ico
[2023-02-07T20:39:14.272] [WARN] default - Se intento ingresar al a ruta /favicon.ico
[2023-02-07T20:39:18.761] [WARN] default - Se intento ingresar al a ruta /favicon.ico
[2023-02-07T20:40:08.378] [WARN] default - Se intento ingresar al a ruta /favicon.ico
[2023-02-07T20:40:11.718] [WARN] default - Se intento ingresar al a ruta /favicon.ico
[2023-02-07T20:40:40.249] [WARN] default - Se intento ingresar al a ruta /favicon.ico
[2023-02-07T20:40:42.425] [WARN] default - Se intento ingresar al a ruta /favicon.ico
[2023-02-07T20:47:09.956] [WARN] default - Se intento ingresar al a ruta /favicon.ico
[2023-02-07T20:47:13.704] [WARN] default - Se intento ingresar al a ruta /favicon.ico
[2023-02-07T20:48:26.162] [WARN] default - Se intento ingresar al a ruta /favicon.ico
[2023-02-07T20:48:30.102] [WARN] default - Se intento ingresar al a ruta /favicon.ico
[2023-02-07T20:48:46.071] [ERROR] default - MongooseError: Query was already executed: users.findOne({ userName: 'a@a123' })
    at model.Query._wrappedThunk [as _findOne] (D:\Coder House\BackEnd\Desafio 18\node_modules\mongoose\lib\helpers\query\wrapThunk.js:23:19)
    at D:\Coder House\BackEnd\Desafio 18\node_modules\kareem\index.js:426:25
    at process.processTicksAndRejections (node:internal/process/task_queues:77:11) {
  originalStack: 'Error\n' +
    '    at model.Query._wrappedThunk [as _findOne] (D:\\Coder House\\BackEnd\\Desafio 18\\node_modules\\mongoose\\lib\\helpers\\query\\wrapThunk.js:27:28)\n' +
    '    at D:\\Coder House\\BackEnd\\Desafio 18\\node_modules\\kareem\\index.js:426:25\n' +
    '    at process.processTicksAndRejections (node:internal/process/task_queues:77:11)'
}
[2023-02-07T20:48:53.345] [ERROR] default - MongooseError: Query was already executed: users.findOne({ userName: 'a@a123' })
    at model.Query._wrappedThunk [as _findOne] (D:\Coder House\BackEnd\Desafio 18\node_modules\mongoose\lib\helpers\query\wrapThunk.js:23:19)
    at D:\Coder House\BackEnd\Desafio 18\node_modules\kareem\index.js:426:25
    at process.processTicksAndRejections (node:internal/process/task_queues:77:11) {
  originalStack: 'Error\n' +
    '    at model.Query._wrappedThunk [as _findOne] (D:\\Coder House\\BackEnd\\Desafio 18\\node_modules\\mongoose\\lib\\helpers\\query\\wrapThunk.js:27:28)\n' +
    '    at D:\\Coder House\\BackEnd\\Desafio 18\\node_modules\\kareem\\index.js:426:25\n' +
    '    at process.processTicksAndRejections (node:internal/process/task_queues:77:11)'
}
[2023-02-07T20:49:07.266] [ERROR] default - MongooseError: Query was already executed: users.findOne({ userName: '1@123' })
    at model.Query._wrappedThunk [as _findOne] (D:\Coder House\BackEnd\Desafio 18\node_modules\mongoose\lib\helpers\query\wrapThunk.js:23:19)
    at D:\Coder House\BackEnd\Desafio 18\node_modules\kareem\index.js:426:25
    at process.processTicksAndRejections (node:internal/process/task_queues:77:11) {
  originalStack: 'Error\n' +
    '    at model.Query._wrappedThunk [as _findOne] (D:\\Coder House\\BackEnd\\Desafio 18\\node_modules\\mongoose\\lib\\helpers\\query\\wrapThunk.js:27:28)\n' +
    '    at D:\\Coder House\\BackEnd\\Desafio 18\\node_modules\\kareem\\index.js:426:25\n' +
    '    at process.processTicksAndRejections (node:internal/process/task_queues:77:11)'
}
[2023-02-07T20:49:13.599] [WARN] default - Se intento ingresar al a ruta /favicon.ico
[2023-02-07T20:49:28.203] [WARN] default - Se intento ingresar al a ruta /favicon.ico
[2023-02-07T21:14:49.906] [ERROR] default - MongooseError: Query was already executed: users.find({ userName: '1@123' })
    at model.Query._wrappedThunk [as _find] (D:\Coder House\BackEnd\Desafio 18\node_modules\mongoose\lib\helpers\query\wrapThunk.js:23:19)
    at D:\Coder House\BackEnd\Desafio 18\node_modules\kareem\index.js:426:25
    at process.processTicksAndRejections (node:internal/process/task_queues:77:11) {
  originalStack: 'Error\n' +
    '    at model.Query._wrappedThunk [as _find] (D:\\Coder House\\BackEnd\\Desafio 18\\node_modules\\mongoose\\lib\\helpers\\query\\wrapThunk.js:27:28)\n' +
    '    at D:\\Coder House\\BackEnd\\Desafio 18\\node_modules\\kareem\\index.js:426:25\n' +
    '    at process.processTicksAndRejections (node:internal/process/task_queues:77:11)'
}
[2023-02-07T21:15:49.491] [ERROR] default - MongooseError: Query was already executed: users.findOne({ userName: '1@123' })
    at model.Query._wrappedThunk [as _findOne] (D:\Coder House\BackEnd\Desafio 18\node_modules\mongoose\lib\helpers\query\wrapThunk.js:23:19)
    at D:\Coder House\BackEnd\Desafio 18\node_modules\kareem\index.js:426:25
    at process.processTicksAndRejections (node:internal/process/task_queues:77:11) {
  originalStack: 'Error\n' +
    '    at model.Query._wrappedThunk [as _findOne] (D:\\Coder House\\BackEnd\\Desafio 18\\node_modules\\mongoose\\lib\\helpers\\query\\wrapThunk.js:27:28)\n' +
    '    at D:\\Coder House\\BackEnd\\Desafio 18\\node_modules\\kareem\\index.js:426:25\n' +
    '    at process.processTicksAndRejections (node:internal/process/task_queues:77:11)'
}
[2023-02-07T21:16:05.736] [ERROR] default - MongooseError: Query was already executed: users.findOne({ userName: '1@123' })
    at model.Query._wrappedThunk [as _findOne] (D:\Coder House\BackEnd\Desafio 18\node_modules\mongoose\lib\helpers\query\wrapThunk.js:23:19)
    at D:\Coder House\BackEnd\Desafio 18\node_modules\kareem\index.js:426:25
    at process.processTicksAndRejections (node:internal/process/task_queues:77:11) {
  originalStack: 'Error\n' +
    '    at model.Query._wrappedThunk [as _findOne] (D:\\Coder House\\BackEnd\\Desafio 18\\node_modules\\mongoose\\lib\\helpers\\query\\wrapThunk.js:27:28)\n' +
    '    at D:\\Coder House\\BackEnd\\Desafio 18\\node_modules\\kareem\\index.js:426:25\n' +
    '    at process.processTicksAndRejections (node:internal/process/task_queues:77:11)'
}
[2023-02-07T21:16:14.604] [ERROR] default - MongooseError: Query was already executed: users.findOne({ userName: '1@123' })
    at model.Query._wrappedThunk [as _findOne] (D:\Coder House\BackEnd\Desafio 18\node_modules\mongoose\lib\helpers\query\wrapThunk.js:23:19)
    at D:\Coder House\BackEnd\Desafio 18\node_modules\kareem\index.js:426:25
    at process.processTicksAndRejections (node:internal/process/task_queues:77:11) {
  originalStack: 'Error\n' +
    '    at model.Query._wrappedThunk [as _findOne] (D:\\Coder House\\BackEnd\\Desafio 18\\node_modules\\mongoose\\lib\\helpers\\query\\wrapThunk.js:27:28)\n' +
    '    at D:\\Coder House\\BackEnd\\Desafio 18\\node_modules\\kareem\\index.js:426:25\n' +
    '    at process.processTicksAndRejections (node:internal/process/task_queues:77:11)'
}
[2023-02-07T21:22:18.779] [WARN] default - Se intento ingresar al a ruta /favicon.ico
[2023-02-07T21:22:39.396] [ERROR] default - MongooseError: Query was already executed: users.findOne({ userName: 'q@q' })
    at model.Query._wrappedThunk [as _findOne] (D:\Coder House\BackEnd\Desafio 18\node_modules\mongoose\lib\helpers\query\wrapThunk.js:23:19)
    at D:\Coder House\BackEnd\Desafio 18\node_modules\kareem\index.js:426:25
    at process.processTicksAndRejections (node:internal/process/task_queues:77:11) {
  originalStack: 'Error\n' +
    '    at model.Query._wrappedThunk [as _findOne] (D:\\Coder House\\BackEnd\\Desafio 18\\node_modules\\mongoose\\lib\\helpers\\query\\wrapThunk.js:27:28)\n' +
    '    at D:\\Coder House\\BackEnd\\Desafio 18\\node_modules\\kareem\\index.js:426:25\n' +
    '    at process.processTicksAndRejections (node:internal/process/task_queues:77:11)'
}
[2023-02-07T21:22:50.182] [WARN] default - Se intento ingresar al a ruta /favicon.ico
[2023-02-07T21:22:53.851] [WARN] default - Se intento ingresar al a ruta /favicon.ico
[2023-02-07T21:49:10.921] [WARN] default - Se intento ingresar al a ruta /favicon.ico
[2023-02-07T21:49:14.838] [WARN] default - Se intento ingresar al a ruta /favicon.ico
[2023-02-07T21:49:24.091] [ERROR] default - MongooseError: Query was already executed: users.find({ userName: 'p@p' })
    at model.Query._wrappedThunk [as _find] (D:\Coder House\BackEnd\Desafio 18\node_modules\mongoose\lib\helpers\query\wrapThunk.js:23:19)
    at D:\Coder House\BackEnd\Desafio 18\node_modules\kareem\index.js:426:25
    at process.processTicksAndRejections (node:internal/process/task_queues:77:11) {
  originalStack: 'Error\n' +
    '    at model.Query._wrappedThunk [as _find] (D:\\Coder House\\BackEnd\\Desafio 18\\node_modules\\mongoose\\lib\\helpers\\query\\wrapThunk.js:27:28)\n' +
    '    at D:\\Coder House\\BackEnd\\Desafio 18\\node_modules\\kareem\\index.js:426:25\n' +
    '    at process.processTicksAndRejections (node:internal/process/task_queues:77:11)'
}
[2023-02-07T21:49:24.346] [WARN] default - Se intento ingresar al a ruta /favicon.ico
[2023-02-07T21:49:37.234] [ERROR] default - MongooseError: Query was already executed: users.find({ userName: 'w@w' })
    at model.Query._wrappedThunk [as _find] (D:\Coder House\BackEnd\Desafio 18\node_modules\mongoose\lib\helpers\query\wrapThunk.js:23:19)
    at D:\Coder House\BackEnd\Desafio 18\node_modules\kareem\index.js:426:25
    at process.processTicksAndRejections (node:internal/process/task_queues:77:11) {
  originalStack: 'Error\n' +
    '    at model.Query._wrappedThunk [as _find] (D:\\Coder House\\BackEnd\\Desafio 18\\node_modules\\mongoose\\lib\\helpers\\query\\wrapThunk.js:27:28)\n' +
    '    at D:\\Coder House\\BackEnd\\Desafio 18\\node_modules\\kareem\\index.js:426:25\n' +
    '    at process.processTicksAndRejections (node:internal/process/task_queues:77:11)'
}
[2023-02-07T21:49:37.482] [WARN] default - Se intento ingresar al a ruta /favicon.ico
[2023-02-07T21:50:02.208] [WARN] default - Se intento ingresar al a ruta /favicon.ico
[2023-02-07T21:50:16.422] [ERROR] default - MongooseError: Query was already executed: users.find({ userName: 'w@a' })
    at model.Query._wrappedThunk [as _find] (D:\Coder House\BackEnd\Desafio 18\node_modules\mongoose\lib\helpers\query\wrapThunk.js:23:19)
    at D:\Coder House\BackEnd\Desafio 18\node_modules\kareem\index.js:426:25
    at process.processTicksAndRejections (node:internal/process/task_queues:77:11) {
  originalStack: 'Error\n' +
    '    at model.Query._wrappedThunk [as _find] (D:\\Coder House\\BackEnd\\Desafio 18\\node_modules\\mongoose\\lib\\helpers\\query\\wrapThunk.js:27:28)\n' +
    '    at D:\\Coder House\\BackEnd\\Desafio 18\\node_modules\\kareem\\index.js:426:25\n' +
    '    at process.processTicksAndRejections (node:internal/process/task_queues:77:11)'
}
[2023-02-07T21:50:16.977] [WARN] default - Se intento ingresar al a ruta /favicon.ico
[2023-02-07T21:51:34.777] [WARN] default - Se intento ingresar al a ruta /favicon.ico
[2023-02-07T21:51:40.530] [ERROR] default - MongooseError: Query was already executed: users.find({ userName: '5@5' })
    at model.Query._wrappedThunk [as _find] (D:\Coder House\BackEnd\Desafio 18\node_modules\mongoose\lib\helpers\query\wrapThunk.js:23:19)
    at D:\Coder House\BackEnd\Desafio 18\node_modules\kareem\index.js:426:25
    at process.processTicksAndRejections (node:internal/process/task_queues:77:11) {
  originalStack: 'Error\n' +
    '    at model.Query._wrappedThunk [as _find] (D:\\Coder House\\BackEnd\\Desafio 18\\node_modules\\mongoose\\lib\\helpers\\query\\wrapThunk.js:27:28)\n' +
    '    at D:\\Coder House\\BackEnd\\Desafio 18\\node_modules\\kareem\\index.js:426:25\n' +
    '    at process.processTicksAndRejections (node:internal/process/task_queues:77:11)'
}
[2023-02-07T21:51:40.785] [WARN] default - Se intento ingresar al a ruta /favicon.ico
[2023-02-07T21:52:02.363] [WARN] default - Se intento ingresar al a ruta /favicon.ico
[2023-02-07T21:52:06.952] [ERROR] default - MongooseError: Query was already executed: users.findOne({ userName: 'a@1' })
    at model.Query._wrappedThunk [as _findOne] (D:\Coder House\BackEnd\Desafio 18\node_modules\mongoose\lib\helpers\query\wrapThunk.js:23:19)
    at D:\Coder House\BackEnd\Desafio 18\node_modules\kareem\index.js:426:25
    at process.processTicksAndRejections (node:internal/process/task_queues:77:11) {
  originalStack: 'Error\n' +
    '    at model.Query._wrappedThunk [as _findOne] (D:\\Coder House\\BackEnd\\Desafio 18\\node_modules\\mongoose\\lib\\helpers\\query\\wrapThunk.js:27:28)\n' +
    '    at D:\\Coder House\\BackEnd\\Desafio 18\\node_modules\\kareem\\index.js:426:25\n' +
    '    at process.processTicksAndRejections (node:internal/process/task_queues:77:11)'
}
[2023-02-07T21:52:28.178] [WARN] default - Se intento ingresar al a ruta /favicon.ico
[2023-02-07T21:52:46.466] [WARN] default - Se intento ingresar al a ruta /favicon.ico
[2023-02-07T21:53:08.988] [WARN] default - Se intento ingresar al a ruta /favicon.ico
[2023-02-07T21:53:17.927] [WARN] default - Se intento ingresar al a ruta /favicon.ico
[2023-02-07T21:53:23.613] [WARN] default - Se intento ingresar al a ruta /favicon.ico
[2023-02-07T21:54:21.863] [WARN] default - Se intento ingresar al a ruta /favicon.ico
[2023-02-07T21:54:43.528] [WARN] default - Se intento ingresar al a ruta /favicon.ico
[2023-02-07T21:54:53.553] [WARN] default - Se intento ingresar al a ruta /favicon.ico
[2023-02-07T22:03:38.546] [WARN] default - Se intento ingresar al a ruta /favicon.ico
[2023-02-07T22:03:42.239] [WARN] default - Se intento ingresar al a ruta /favicon.ico
[2023-02-07T22:04:01.935] [WARN] default - Se intento ingresar al a ruta /favicon.ico
[2023-02-07T22:06:37.310] [WARN] default - Se intento ingresar al a ruta /favicon.ico
[2023-02-07T22:07:20.114] [WARN] default - Se intento ingresar al a ruta /favicon.ico
[2023-02-07T22:12:20.154] [ERROR] default - Hubo un error en la peticion de productos, el error es: TypeError: req.isAuthenticated is not a function
[2023-02-07T22:12:30.658] [WARN] default - Se intento ingresar al a ruta /favicon.ico
[2023-02-07T22:14:21.034] [WARN] default - Se intento ingresar al a ruta /favicon.ico
[2023-02-07T22:14:46.209] [WARN] default - Se intento ingresar al a ruta /favicon.ico
[2023-02-07T22:15:53.210] [WARN] default - Se intento ingresar al a ruta /favicon.ico
[2023-02-07T22:16:18.739] [WARN] default - Se intento ingresar al a ruta /favicon.ico
[2023-02-07T22:16:18.741] [WARN] default - Se intento ingresar al a ruta /favicon.ico
[2023-02-07T22:16:41.255] [WARN] default - Se intento ingresar al a ruta /favicon.ico
[2023-02-07T22:16:44.585] [WARN] default - Se intento ingresar al a ruta /favicon.ico
[2023-02-07T22:17:54.454] [WARN] default - Se intento ingresar al a ruta /favicon.ico
[2023-02-07T22:18:18.542] [WARN] default - Se intento ingresar al a ruta /favicon.ico
[2023-02-07T22:19:33.930] [WARN] default - Se intento ingresar al a ruta /favicon.ico
[2023-02-07T22:19:56.948] [WARN] default - Se intento ingresar al a ruta /favicon.ico
[2023-02-07T22:20:16.424] [WARN] default - Se intento ingresar al a ruta /favicon.ico
[2023-02-07T22:20:35.909] [WARN] default - Se intento ingresar al a ruta /favicon.ico
[2023-02-07T22:21:27.181] [WARN] default - Se intento ingresar al a ruta /favicon.ico
[2023-02-07T22:22:05.752] [WARN] default - Se intento ingresar al a ruta /favicon.ico
[2023-02-07T22:22:22.587] [WARN] default - Se intento ingresar al a ruta /favicon.ico
[2023-02-07T22:22:28.471] [WARN] default - Se intento ingresar al a ruta /favicon.ico
[2023-02-07T22:22:43.405] [WARN] default - Se intento ingresar al a ruta /favicon.ico
[2023-02-07T22:24:17.396] [WARN] default - Se intento ingresar al a ruta /favicon.ico
[2023-02-07T22:24:53.652] [WARN] default - Se intento ingresar al a ruta /favicon.ico
[2023-02-07T22:37:25.653] [WARN] default - Se intento ingresar al a ruta /favicon.ico
[2023-02-07T22:38:08.321] [WARN] default - Se intento ingresar al a ruta /favicon.ico
[2023-02-07T22:38:30.226] [WARN] default - Se intento ingresar al a ruta /favicon.ico
[2023-02-07T22:39:42.196] [WARN] default - Se intento ingresar al a ruta /favicon.ico
[2023-02-07T22:40:00.600] [WARN] default - Se intento ingresar al a ruta /favicon.ico
[2023-02-07T22:40:31.281] [WARN] default - Se intento ingresar al a ruta /favicon.ico
[2023-02-07T22:40:59.566] [WARN] default - Se intento ingresar al a ruta /favicon.ico
[2023-02-07T22:41:11.490] [WARN] default - Se intento ingresar al a ruta /favicon.ico
[2023-02-07T22:42:37.446] [WARN] default - Se intento ingresar al a ruta /favicon.ico
[2023-02-07T22:42:59.118] [WARN] default - Se intento ingresar al a ruta /favicon.ico
[2023-02-07T22:43:37.810] [WARN] default - Se intento ingresar al a ruta /favicon.ico
[2023-02-07T22:43:39.012] [WARN] default - Se intento ingresar al a ruta /favicon.ico
[2023-02-07T22:44:01.862] [WARN] default - Se intento ingresar al a ruta /favicon.ico
[2023-02-07T22:44:16.164] [WARN] default - Se intento ingresar al a ruta /favicon.ico
[2023-02-07T22:44:44.124] [WARN] default - Se intento ingresar al a ruta /favicon.ico
[2023-02-07T22:44:59.671] [WARN] default - Se intento ingresar al a ruta /favicon.ico
[2023-02-07T22:45:08.655] [WARN] default - Se intento ingresar al a ruta /favicon.ico
[2023-02-07T22:47:30.913] [WARN] default - Se intento ingresar al a ruta /favicon.ico
[2023-02-07T22:47:35.277] [WARN] default - Se intento ingresar al a ruta /favicon.ico
[2023-02-07T22:47:46.597] [WARN] default - Se intento ingresar al a ruta /favicon.ico
[2023-02-10T01:52:19.781] [WARN] default - Se intento ingresar al a ruta /favicon.ico
[2023-02-10T01:52:23.734] [WARN] default - Se intento ingresar al a ruta /favicon.ico
[2023-02-10T01:52:25.986] [ERROR] default - TypeError: Cannot read properties of undefined (reading 'findOneUser')
    at findOneUserDB (file:///D:/Coder%20House/BackEnd/Desafio%2018/src/services/user.service.js:15:22)
    at Strategy._verify (file:///D:/Coder%20House/BackEnd/Desafio%2018/server.js:123:13)
    at Strategy.authenticate (D:\Coder House\BackEnd\Desafio 18\node_modules\passport-local\lib\strategy.js:88:12)
    at attempt (D:\Coder House\BackEnd\Desafio 18\node_modules\passport\lib\middleware\authenticate.js:369:16)
    at authenticate (D:\Coder House\BackEnd\Desafio 18\node_modules\passport\lib\middleware\authenticate.js:370:7)
    at Layer.handle [as handle_request] (D:\Coder House\BackEnd\Desafio 18\node_modules\express\lib\router\layer.js:95:5)
    at next (D:\Coder House\BackEnd\Desafio 18\node_modules\express\lib\router\route.js:144:13)
    at Route.dispatch (D:\Coder House\BackEnd\Desafio 18\node_modules\express\lib\router\route.js:114:3)
    at Layer.handle [as handle_request] (D:\Coder House\BackEnd\Desafio 18\node_modules\express\lib\router\layer.js:95:5)
    at D:\Coder House\BackEnd\Desafio 18\node_modules\express\lib\router\index.js:284:15
[2023-02-10T01:52:43.790] [WARN] default - Se intento ingresar al a ruta /favicon.ico
[2023-02-10T01:53:02.278] [WARN] default - Se intento ingresar al a ruta /favicon.ico
[2023-02-10T01:53:02.756] [ERROR] default - TypeError: Cannot read properties of undefined (reading 'findOneUser')
    at findOneUserDB (file:///D:/Coder%20House/BackEnd/Desafio%2018/src/services/user.service.js:17:22)
    at Strategy._verify (file:///D:/Coder%20House/BackEnd/Desafio%2018/server.js:123:13)
    at Strategy.authenticate (D:\Coder House\BackEnd\Desafio 18\node_modules\passport-local\lib\strategy.js:88:12)
    at attempt (D:\Coder House\BackEnd\Desafio 18\node_modules\passport\lib\middleware\authenticate.js:369:16)
    at authenticate (D:\Coder House\BackEnd\Desafio 18\node_modules\passport\lib\middleware\authenticate.js:370:7)
    at Layer.handle [as handle_request] (D:\Coder House\BackEnd\Desafio 18\node_modules\express\lib\router\layer.js:95:5)
    at next (D:\Coder House\BackEnd\Desafio 18\node_modules\express\lib\router\route.js:144:13)
    at Route.dispatch (D:\Coder House\BackEnd\Desafio 18\node_modules\express\lib\router\route.js:114:3)
    at Layer.handle [as handle_request] (D:\Coder House\BackEnd\Desafio 18\node_modules\express\lib\router\layer.js:95:5)
    at D:\Coder House\BackEnd\Desafio 18\node_modules\express\lib\router\index.js:284:15
[2023-02-10T01:53:11.471] [ERROR] default - TypeError: Cannot read properties of undefined (reading 'findOneUser')
    at findOneUserDB (file:///D:/Coder%20House/BackEnd/Desafio%2018/src/services/user.service.js:17:22)
    at Strategy._verify (file:///D:/Coder%20House/BackEnd/Desafio%2018/server.js:123:13)
    at Strategy.authenticate (D:\Coder House\BackEnd\Desafio 18\node_modules\passport-local\lib\strategy.js:88:12)
    at attempt (D:\Coder House\BackEnd\Desafio 18\node_modules\passport\lib\middleware\authenticate.js:369:16)
    at authenticate (D:\Coder House\BackEnd\Desafio 18\node_modules\passport\lib\middleware\authenticate.js:370:7)
    at Layer.handle [as handle_request] (D:\Coder House\BackEnd\Desafio 18\node_modules\express\lib\router\layer.js:95:5)
    at next (D:\Coder House\BackEnd\Desafio 18\node_modules\express\lib\router\route.js:144:13)
    at Route.dispatch (D:\Coder House\BackEnd\Desafio 18\node_modules\express\lib\router\route.js:114:3)
    at Layer.handle [as handle_request] (D:\Coder House\BackEnd\Desafio 18\node_modules\express\lib\router\layer.js:95:5)
    at D:\Coder House\BackEnd\Desafio 18\node_modules\express\lib\router\index.js:284:15
[2023-02-10T01:53:17.999] [ERROR] default - TypeError: Cannot read properties of undefined (reading 'findOneUser')
    at findOneUserDB (file:///D:/Coder%20House/BackEnd/Desafio%2018/src/services/user.service.js:17:22)
    at Strategy._verify (file:///D:/Coder%20House/BackEnd/Desafio%2018/server.js:123:13)
    at Strategy.authenticate (D:\Coder House\BackEnd\Desafio 18\node_modules\passport-local\lib\strategy.js:88:12)
    at attempt (D:\Coder House\BackEnd\Desafio 18\node_modules\passport\lib\middleware\authenticate.js:369:16)
    at authenticate (D:\Coder House\BackEnd\Desafio 18\node_modules\passport\lib\middleware\authenticate.js:370:7)
    at Layer.handle [as handle_request] (D:\Coder House\BackEnd\Desafio 18\node_modules\express\lib\router\layer.js:95:5)
    at next (D:\Coder House\BackEnd\Desafio 18\node_modules\express\lib\router\route.js:144:13)
    at Route.dispatch (D:\Coder House\BackEnd\Desafio 18\node_modules\express\lib\router\route.js:114:3)
    at Layer.handle [as handle_request] (D:\Coder House\BackEnd\Desafio 18\node_modules\express\lib\router\layer.js:95:5)
    at D:\Coder House\BackEnd\Desafio 18\node_modules\express\lib\router\index.js:284:15
[2023-02-10T01:53:18.217] [WARN] default - Se intento ingresar al a ruta /favicon.ico
[2023-02-10T01:53:45.940] [ERROR] default - TypeError: Cannot read properties of undefined (reading 'findOneUser')
    at findOneUserDB (file:///D:/Coder%20House/BackEnd/Desafio%2018/src/services/user.service.js:18:22)
    at Strategy._verify (file:///D:/Coder%20House/BackEnd/Desafio%2018/server.js:123:13)
    at Strategy.authenticate (D:\Coder House\BackEnd\Desafio 18\node_modules\passport-local\lib\strategy.js:88:12)
    at attempt (D:\Coder House\BackEnd\Desafio 18\node_modules\passport\lib\middleware\authenticate.js:369:16)
    at authenticate (D:\Coder House\BackEnd\Desafio 18\node_modules\passport\lib\middleware\authenticate.js:370:7)
    at Layer.handle [as handle_request] (D:\Coder House\BackEnd\Desafio 18\node_modules\express\lib\router\layer.js:95:5)
    at next (D:\Coder House\BackEnd\Desafio 18\node_modules\express\lib\router\route.js:144:13)
    at Route.dispatch (D:\Coder House\BackEnd\Desafio 18\node_modules\express\lib\router\route.js:114:3)
    at Layer.handle [as handle_request] (D:\Coder House\BackEnd\Desafio 18\node_modules\express\lib\router\layer.js:95:5)
    at D:\Coder House\BackEnd\Desafio 18\node_modules\express\lib\router\index.js:284:15
[2023-02-10T01:54:06.688] [ERROR] default - TypeError: Cannot read properties of undefined (reading 'findOneUser')
    at findOneUserDB (file:///D:/Coder%20House/BackEnd/Desafio%2018/src/services/user.service.js:20:22)
    at Strategy._verify (file:///D:/Coder%20House/BackEnd/Desafio%2018/server.js:123:13)
    at Strategy.authenticate (D:\Coder House\BackEnd\Desafio 18\node_modules\passport-local\lib\strategy.js:88:12)
    at attempt (D:\Coder House\BackEnd\Desafio 18\node_modules\passport\lib\middleware\authenticate.js:369:16)
    at authenticate (D:\Coder House\BackEnd\Desafio 18\node_modules\passport\lib\middleware\authenticate.js:370:7)
    at Layer.handle [as handle_request] (D:\Coder House\BackEnd\Desafio 18\node_modules\express\lib\router\layer.js:95:5)
    at next (D:\Coder House\BackEnd\Desafio 18\node_modules\express\lib\router\route.js:144:13)
    at Route.dispatch (D:\Coder House\BackEnd\Desafio 18\node_modules\express\lib\router\route.js:114:3)
    at Layer.handle [as handle_request] (D:\Coder House\BackEnd\Desafio 18\node_modules\express\lib\router\layer.js:95:5)
    at D:\Coder House\BackEnd\Desafio 18\node_modules\express\lib\router\index.js:284:15
[2023-02-10T01:59:00.718] [ERROR] default - TypeError: Cannot read properties of undefined (reading 'findOneUser')
    at findOneUserDB (file:///D:/Coder%20House/BackEnd/Desafio%2018/src/services/user.service.js:21:22)
    at Strategy._verify (file:///D:/Coder%20House/BackEnd/Desafio%2018/server.js:123:13)
    at Strategy.authenticate (D:\Coder House\BackEnd\Desafio 18\node_modules\passport-local\lib\strategy.js:88:12)
    at attempt (D:\Coder House\BackEnd\Desafio 18\node_modules\passport\lib\middleware\authenticate.js:369:16)
    at authenticate (D:\Coder House\BackEnd\Desafio 18\node_modules\passport\lib\middleware\authenticate.js:370:7)
    at Layer.handle [as handle_request] (D:\Coder House\BackEnd\Desafio 18\node_modules\express\lib\router\layer.js:95:5)
    at next (D:\Coder House\BackEnd\Desafio 18\node_modules\express\lib\router\route.js:144:13)
    at Route.dispatch (D:\Coder House\BackEnd\Desafio 18\node_modules\express\lib\router\route.js:114:3)
    at Layer.handle [as handle_request] (D:\Coder House\BackEnd\Desafio 18\node_modules\express\lib\router\layer.js:95:5)
    at D:\Coder House\BackEnd\Desafio 18\node_modules\express\lib\router\index.js:284:15
[2023-02-10T01:59:09.513] [ERROR] default - TypeError: Cannot read properties of undefined (reading 'findOneUser')
    at findOneUserDB (file:///D:/Coder%20House/BackEnd/Desafio%2018/src/services/user.service.js:21:22)
    at Strategy._verify (file:///D:/Coder%20House/BackEnd/Desafio%2018/server.js:123:13)
    at Strategy.authenticate (D:\Coder House\BackEnd\Desafio 18\node_modules\passport-local\lib\strategy.js:88:12)
    at attempt (D:\Coder House\BackEnd\Desafio 18\node_modules\passport\lib\middleware\authenticate.js:369:16)
    at authenticate (D:\Coder House\BackEnd\Desafio 18\node_modules\passport\lib\middleware\authenticate.js:370:7)
    at Layer.handle [as handle_request] (D:\Coder House\BackEnd\Desafio 18\node_modules\express\lib\router\layer.js:95:5)
    at next (D:\Coder House\BackEnd\Desafio 18\node_modules\express\lib\router\route.js:144:13)
    at Route.dispatch (D:\Coder House\BackEnd\Desafio 18\node_modules\express\lib\router\route.js:114:3)
    at Layer.handle [as handle_request] (D:\Coder House\BackEnd\Desafio 18\node_modules\express\lib\router\layer.js:95:5)
    at D:\Coder House\BackEnd\Desafio 18\node_modules\express\lib\router\index.js:284:15
[2023-02-10T02:00:49.929] [ERROR] default - TypeError: Cannot read properties of undefined (reading 'findOneUser')
    at findOneUserDB (file:///D:/Coder%20House/BackEnd/Desafio%2018/src/services/user.service.js:21:22)
    at Strategy._verify (file:///D:/Coder%20House/BackEnd/Desafio%2018/server.js:123:13)
    at Strategy.authenticate (D:\Coder House\BackEnd\Desafio 18\node_modules\passport-local\lib\strategy.js:88:12)
    at attempt (D:\Coder House\BackEnd\Desafio 18\node_modules\passport\lib\middleware\authenticate.js:369:16)
    at authenticate (D:\Coder House\BackEnd\Desafio 18\node_modules\passport\lib\middleware\authenticate.js:370:7)
    at Layer.handle [as handle_request] (D:\Coder House\BackEnd\Desafio 18\node_modules\express\lib\router\layer.js:95:5)
    at next (D:\Coder House\BackEnd\Desafio 18\node_modules\express\lib\router\route.js:144:13)
    at Route.dispatch (D:\Coder House\BackEnd\Desafio 18\node_modules\express\lib\router\route.js:114:3)
    at Layer.handle [as handle_request] (D:\Coder House\BackEnd\Desafio 18\node_modules\express\lib\router\layer.js:95:5)
    at D:\Coder House\BackEnd\Desafio 18\node_modules\express\lib\router\index.js:284:15
[2023-02-10T02:01:01.598] [ERROR] default - TypeError: Cannot read properties of undefined (reading 'findOneUser')
    at findOneUserDB (file:///D:/Coder%20House/BackEnd/Desafio%2018/src/services/user.service.js:21:22)
    at Strategy._verify (file:///D:/Coder%20House/BackEnd/Desafio%2018/server.js:123:13)
    at Strategy.authenticate (D:\Coder House\BackEnd\Desafio 18\node_modules\passport-local\lib\strategy.js:88:12)
    at attempt (D:\Coder House\BackEnd\Desafio 18\node_modules\passport\lib\middleware\authenticate.js:369:16)
    at authenticate (D:\Coder House\BackEnd\Desafio 18\node_modules\passport\lib\middleware\authenticate.js:370:7)
    at Layer.handle [as handle_request] (D:\Coder House\BackEnd\Desafio 18\node_modules\express\lib\router\layer.js:95:5)
    at next (D:\Coder House\BackEnd\Desafio 18\node_modules\express\lib\router\route.js:144:13)
    at Route.dispatch (D:\Coder House\BackEnd\Desafio 18\node_modules\express\lib\router\route.js:114:3)
    at Layer.handle [as handle_request] (D:\Coder House\BackEnd\Desafio 18\node_modules\express\lib\router\layer.js:95:5)
    at D:\Coder House\BackEnd\Desafio 18\node_modules\express\lib\router\index.js:284:15
[2023-02-10T02:01:07.034] [ERROR] default - TypeError: Cannot read properties of undefined (reading 'findOneUser')
    at findOneUserDB (file:///D:/Coder%20House/BackEnd/Desafio%2018/src/services/user.service.js:21:22)
    at Strategy._verify (file:///D:/Coder%20House/BackEnd/Desafio%2018/server.js:123:13)
    at Strategy.authenticate (D:\Coder House\BackEnd\Desafio 18\node_modules\passport-local\lib\strategy.js:88:12)
    at attempt (D:\Coder House\BackEnd\Desafio 18\node_modules\passport\lib\middleware\authenticate.js:369:16)
    at authenticate (D:\Coder House\BackEnd\Desafio 18\node_modules\passport\lib\middleware\authenticate.js:370:7)
    at Layer.handle [as handle_request] (D:\Coder House\BackEnd\Desafio 18\node_modules\express\lib\router\layer.js:95:5)
    at next (D:\Coder House\BackEnd\Desafio 18\node_modules\express\lib\router\route.js:144:13)
    at Route.dispatch (D:\Coder House\BackEnd\Desafio 18\node_modules\express\lib\router\route.js:114:3)
    at Layer.handle [as handle_request] (D:\Coder House\BackEnd\Desafio 18\node_modules\express\lib\router\layer.js:95:5)
    at D:\Coder House\BackEnd\Desafio 18\node_modules\express\lib\router\index.js:284:15
[2023-02-10T02:01:22.925] [ERROR] default - TypeError: Cannot read properties of undefined (reading 'findOneUser')
    at findOneUserDB (file:///D:/Coder%20House/BackEnd/Desafio%2018/src/services/user.service.js:21:22)
    at Strategy._verify (file:///D:/Coder%20House/BackEnd/Desafio%2018/server.js:123:13)
    at Strategy.authenticate (D:\Coder House\BackEnd\Desafio 18\node_modules\passport-local\lib\strategy.js:88:12)
    at attempt (D:\Coder House\BackEnd\Desafio 18\node_modules\passport\lib\middleware\authenticate.js:369:16)
    at authenticate (D:\Coder House\BackEnd\Desafio 18\node_modules\passport\lib\middleware\authenticate.js:370:7)
    at Layer.handle [as handle_request] (D:\Coder House\BackEnd\Desafio 18\node_modules\express\lib\router\layer.js:95:5)
    at next (D:\Coder House\BackEnd\Desafio 18\node_modules\express\lib\router\route.js:144:13)
    at Route.dispatch (D:\Coder House\BackEnd\Desafio 18\node_modules\express\lib\router\route.js:114:3)
    at Layer.handle [as handle_request] (D:\Coder House\BackEnd\Desafio 18\node_modules\express\lib\router\layer.js:95:5)
    at D:\Coder House\BackEnd\Desafio 18\node_modules\express\lib\router\index.js:284:15
[2023-02-10T02:10:56.231] [WARN] default - Se intento ingresar al a ruta /favicon.ico
[2023-02-10T02:11:08.964] [WARN] default - Se intento ingresar al a ruta /favicon.ico
[2023-02-10T02:13:16.462] [WARN] default - Se intento ingresar al a ruta /favicon.ico
[2023-02-10T02:13:31.114] [WARN] default - Se intento ingresar al a ruta /favicon.ico
[2023-02-10T02:15:11.667] [WARN] default - Se intento ingresar al a ruta /favicon.ico
[2023-02-10T02:16:22.639] [WARN] default - Se intento ingresar al a ruta /favicon.ico
[2023-02-10T02:16:39.209] [WARN] default - Se intento ingresar al a ruta /favicon.ico
[2023-02-10T02:18:52.521] [WARN] default - Se intento ingresar al a ruta /favicon.ico
[2023-02-10T02:19:00.211] [WARN] default - Se intento ingresar al a ruta /favicon.ico
[2023-02-10T02:19:04.806] [WARN] default - Se intento ingresar al a ruta /favicon.ico
[2023-02-10T02:19:08.348] [WARN] default - Se intento ingresar al a ruta /favicon.ico
[2023-02-10T02:19:25.238] [WARN] default - Se intento ingresar al a ruta /favicon.ico
[2023-02-10T02:19:36.438] [WARN] default - Se intento ingresar al a ruta /favicon.ico
[2023-02-10T02:19:58.075] [WARN] default - Se intento ingresar al a ruta /favicon.ico
[2023-02-10T02:19:59.042] [WARN] default - Se intento ingresar al a ruta /favicon.ico
[2023-02-10T02:20:24.475] [WARN] default - Se intento ingresar al a ruta /favicon.ico
[2023-02-10T02:21:00.634] [WARN] default - Se intento ingresar al a ruta /favicon.ico
[2023-02-10T02:21:21.059] [WARN] default - Se intento ingresar al a ruta /favicon.ico
[2023-02-10T02:21:29.189] [WARN] default - Se intento ingresar al a ruta /favicon.ico
[2023-02-10T19:40:28.070] [WARN] default - TypeError: this.client.connect is not a function
    at MySqlClient.connectDB (file:///D:/Coder%20House/BackEnd/Desafio%2018/src/models/clients/dbClientMySql.js:31:31)
    at getApiDato (file:///D:/Coder%20House/BackEnd/Desafio%2018/src/models/index.models.js:13:26)
    at async file:///D:/Coder%20House/BackEnd/Desafio%2018/src/services/user.service.js:5:30
[2023-02-10T19:43:34.807] [WARN] default - TypeError: this.client.connect is not a function
    at MySqlClient.connectDB (file:///D:/Coder%20House/BackEnd/Desafio%2018/src/models/clients/dbClientMySql.js:32:31)
    at getApiDato (file:///D:/Coder%20House/BackEnd/Desafio%2018/src/models/index.models.js:13:26)
    at async file:///D:/Coder%20House/BackEnd/Desafio%2018/src/services/user.service.js:5:30
[2023-02-10T20:08:52.278] [WARN] default - Se intento ingresar al a ruta /favicon.ico
[2023-02-10T20:09:20.279] [WARN] default - Se intento ingresar al a ruta /favicon.ico
[2023-02-10T20:10:32.932] [WARN] default - Se intento ingresar al a ruta /favicon.ico
[2023-02-10T20:10:58.164] [WARN] default - Se intento ingresar al a ruta /favicon.ico
[2023-02-10T20:11:00.438] [WARN] default - Se intento ingresar al a ruta /favicon.ico
[2023-02-10T20:11:13.360] [WARN] default - Se intento ingresar al a ruta /favicon.ico
[2023-02-10T20:11:13.586] [WARN] default - Se intento ingresar al a ruta /favicon.ico
[2023-02-10T20:11:39.885] [WARN] default - Se intento ingresar al a ruta /favicon.ico
[2023-02-10T20:11:42.281] [WARN] default - Se intento ingresar al a ruta /favicon.ico
[2023-02-10T20:12:26.405] [WARN] default - Se intento ingresar al a ruta /favicon.ico
[2023-02-10T20:12:37.260] [WARN] default - Se intento ingresar al a ruta /favicon.ico
[2023-02-10T20:13:25.042] [WARN] default - Se intento ingresar al a ruta /favicon.ico
[2023-02-10T20:17:25.333] [WARN] default - Se intento ingresar al a ruta /favicon.ico
[2023-02-10T20:30:28.479] [WARN] default - Se intento ingresar al a ruta /favicon.ico
[2023-02-10T20:30:59.519] [WARN] default - Se intento ingresar al a ruta /favicon.ico
[2023-02-10T20:32:05.629] [WARN] default - Se intento ingresar al a ruta /favicon.ico
[2023-02-10T20:34:35.624] [WARN] default - Se intento ingresar al a ruta /favicon.ico
[2023-02-10T20:41:24.302] [WARN] default - Se intento ingresar al a ruta /favicon.ico
[2023-02-10T20:41:42.631] [WARN] default - Se intento ingresar al a ruta /favicon.ico
[2023-02-10T20:41:44.584] [WARN] default - Se intento ingresar al a ruta /favicon.ico
[2023-02-10T20:42:03.662] [WARN] default - Se intento ingresar al a ruta /favicon.ico
[2023-02-10T20:43:55.922] [WARN] default - Se intento ingresar al a ruta /favicon.ico
[2023-02-10T20:44:00.247] [WARN] default - Se intento ingresar al a ruta /favicon.ico
[2023-02-10T20:44:12.609] [WARN] default - Se intento ingresar al a ruta /favicon.ico
[2023-02-10T20:44:13.903] [WARN] default - Se intento ingresar al a ruta /favicon.ico
[2023-02-10T20:44:27.407] [WARN] default - Se intento ingresar al a ruta /favicon.ico
[2023-02-10T20:45:26.473] [WARN] default - Se intento ingresar al a ruta /favicon.ico
[2023-02-10T20:45:41.081] [WARN] default - Se intento ingresar al a ruta /favicon.ico
[2023-02-10T20:46:03.057] [WARN] default - Se intento ingresar al a ruta /favicon.ico
[2023-02-10T20:46:16.678] [WARN] default - Se intento ingresar al a ruta /favicon.ico
[2023-02-10T20:56:59.545] [WARN] default - Se intento ingresar al a ruta /favicon.ico
[2023-02-10T20:57:45.705] [WARN] default - Se intento ingresar al a ruta /favicon.ico
[2023-02-10T20:57:49.113] [WARN] default - Se intento ingresar al a ruta /favicon.ico
[2023-02-10T20:58:02.926] [WARN] default - Se intento ingresar al a ruta /favicon.ico
[2023-02-10T20:58:05.363] [WARN] default - Se intento ingresar al a ruta /favicon.ico
[2023-02-10T20:58:20.603] [WARN] default - Se intento ingresar al a ruta /favicon.ico
[2023-02-10T20:58:26.257] [WARN] default - Se intento ingresar al a ruta /favicon.ico
[2023-02-10T20:58:36.985] [WARN] default - Se intento ingresar al a ruta /favicon.ico
[2023-02-10T20:58:49.805] [WARN] default - Se intento ingresar al a ruta /favicon.ico
[2023-02-10T20:59:03.180] [WARN] default - Se intento ingresar al a ruta /favicon.ico
[2023-02-10T20:59:05.546] [WARN] default - Se intento ingresar al a ruta /favicon.ico
[2023-02-10T21:01:32.325] [WARN] default - ReferenceError: returnthis is not defined
    at MySqlClient.connectDB (file:///D:/Coder%20House/BackEnd/Desafio%2018/src/models/clients/dbClientMySql.js:24:13)
    at getApiDato (file:///D:/Coder%20House/BackEnd/Desafio%2018/src/models/index.models.js:13:26)
    at async file:///D:/Coder%20House/BackEnd/Desafio%2018/src/services/user.service.js:5:30
[2023-02-10T21:01:37.506] [WARN] default - ReferenceError: returnthis is not defined
    at MySqlClient.connectDB (file:///D:/Coder%20House/BackEnd/Desafio%2018/src/models/clients/dbClientMySql.js:25:13)
    at getApiDato (file:///D:/Coder%20House/BackEnd/Desafio%2018/src/models/index.models.js:13:26)
    at async file:///D:/Coder%20House/BackEnd/Desafio%2018/src/services/user.service.js:5:30
[2023-02-10T21:01:42.950] [WARN] default - ReferenceError: returnthis is not defined
    at MySqlClient.connectDB (file:///D:/Coder%20House/BackEnd/Desafio%2018/src/models/clients/dbClientMySql.js:25:13)
    at getApiDato (file:///D:/Coder%20House/BackEnd/Desafio%2018/src/models/index.models.js:13:26)
    at async file:///D:/Coder%20House/BackEnd/Desafio%2018/src/services/user.service.js:5:30
[2023-02-10T21:03:53.596] [WARN] default - TypeError: Cannot read properties of undefined (reading 'query')
    at MySqlClient.connectDB (file:///D:/Coder%20House/BackEnd/Desafio%2018/src/models/clients/dbClientMySql.js:26:22)
    at async getApiDato (file:///D:/Coder%20House/BackEnd/Desafio%2018/src/models/index.models.js:13:13)
    at async file:///D:/Coder%20House/BackEnd/Desafio%2018/src/services/user.service.js:5:30
[2023-02-10T21:08:52.001] [WARN] default - Se intento ingresar al a ruta /favicon.ico
[2023-02-10T21:09:09.283] [WARN] default - Se intento ingresar al a ruta /favicon.ico
[2023-02-10T21:09:11.516] [WARN] default - Se intento ingresar al a ruta /favicon.ico
[2023-02-10T21:09:30.084] [WARN] default - Se intento ingresar al a ruta /favicon.ico
[2023-02-10T21:09:54.655] [WARN] default - Se intento ingresar al a ruta /favicon.ico
[2023-02-10T21:11:11.920] [WARN] default - Se intento ingresar al a ruta /favicon.ico
[2023-02-10T21:13:37.311] [WARN] default - Se intento ingresar al a ruta /favicon.ico
[2023-02-10T21:13:52.325] [WARN] default - Se intento ingresar al a ruta /favicon.ico
[2023-02-10T21:13:52.918] [WARN] default - Se intento ingresar al a ruta /favicon.ico
[2023-02-10T21:14:44.480] [WARN] default - Se intento ingresar al a ruta /favicon.ico
[2023-02-10T21:14:50.894] [WARN] default - Se intento ingresar al a ruta /favicon.ico
[2023-02-10T21:14:56.137] [WARN] default - Se intento ingresar al a ruta /favicon.ico
[2023-02-10T21:15:03.338] [WARN] default - Se intento ingresar al a ruta /favicon.ico
[2023-02-10T21:15:34.795] [WARN] default - Se intento ingresar al a ruta /favicon.ico
[2023-02-10T21:15:35.327] [WARN] default - Se intento ingresar al a ruta /favicon.ico
[2023-02-10T21:15:40.781] [WARN] default - Se intento ingresar al a ruta /favicon.ico
[2023-02-10T21:15:51.523] [WARN] default - Se intento ingresar al a ruta /favicon.ico
[2023-02-10T21:17:03.806] [WARN] default - Se intento ingresar al a ruta /favicon.ico
[2023-02-10T21:18:54.365] [WARN] default - Se intento ingresar al a ruta /favicon.ico
[2023-02-10T21:18:56.697] [WARN] default - Se intento ingresar al a ruta /favicon.ico
[2023-02-10T21:19:16.200] [WARN] default - Se intento ingresar al a ruta /favicon.ico
[2023-02-10T21:19:16.763] [WARN] default - Se intento ingresar al a ruta /favicon.ico
[2023-02-10T21:19:17.672] [WARN] default - Se intento ingresar al a ruta /favicon.ico
[2023-02-10T21:22:15.473] [WARN] default - Se intento ingresar al a ruta /favicon.ico
[2023-02-10T21:22:17.048] [WARN] default - Se intento ingresar al a ruta /favicon.ico
[2023-02-10T21:22:17.831] [WARN] default - Se intento ingresar al a ruta /favicon.ico
[2023-02-10T21:22:18.473] [WARN] default - Se intento ingresar al a ruta /favicon.ico
[2023-02-10T21:22:18.807] [WARN] default - Se intento ingresar al a ruta /favicon.ico
[2023-02-10T21:22:19.015] [WARN] default - Se intento ingresar al a ruta /favicon.ico
[2023-02-10T21:22:20.834] [WARN] default - Se intento ingresar al a ruta /favicon.ico
[2023-02-10T21:22:35.770] [WARN] default - Se intento ingresar al a ruta /favicon.ico
[2023-02-10T21:22:36.683] [WARN] default - Se intento ingresar al a ruta /favicon.ico
[2023-02-10T21:22:37.606] [WARN] default - Se intento ingresar al a ruta /favicon.ico
[2023-02-10T21:22:38.940] [WARN] default - Se intento ingresar al a ruta /favicon.ico
[2023-02-10T21:22:39.618] [WARN] default - Se intento ingresar al a ruta /favicon.ico
[2023-02-10T21:22:55.236] [WARN] default - Se intento ingresar al a ruta /favicon.ico
[2023-02-10T21:22:59.260] [WARN] default - Se intento ingresar al a ruta /favicon.ico
[2023-02-10T21:23:00.006] [WARN] default - Se intento ingresar al a ruta /favicon.ico
[2023-02-10T21:23:13.341] [WARN] default - Se intento ingresar al a ruta /favicon.ico
[2023-02-10T21:23:23.630] [WARN] default - Se intento ingresar al a ruta /favicon.ico
[2023-02-10T21:23:43.920] [WARN] default - Se intento ingresar al a ruta /favicon.ico
[2023-02-10T21:23:44.631] [WARN] default - Se intento ingresar al a ruta /favicon.ico
[2023-02-10T21:23:45.542] [WARN] default - Se intento ingresar al a ruta /favicon.ico
[2023-02-10T21:23:46.053] [WARN] default - Se intento ingresar al a ruta /favicon.ico
[2023-02-10T21:23:46.523] [WARN] default - Se intento ingresar al a ruta /favicon.ico
[2023-02-10T21:23:46.977] [WARN] default - Se intento ingresar al a ruta /favicon.ico
[2023-02-10T21:23:47.360] [WARN] default - Se intento ingresar al a ruta /favicon.ico
[2023-02-10T21:23:47.839] [WARN] default - Se intento ingresar al a ruta /favicon.ico
[2023-02-10T21:23:48.336] [WARN] default - Se intento ingresar al a ruta /favicon.ico
[2023-02-10T21:24:05.795] [WARN] default - Se intento ingresar al a ruta /favicon.ico
[2023-02-10T21:24:34.600] [WARN] default - Se intento ingresar al a ruta /favicon.ico
[2023-02-10T21:24:35.126] [WARN] default - Se intento ingresar al a ruta /favicon.ico
[2023-02-10T21:24:35.391] [WARN] default - Se intento ingresar al a ruta /favicon.ico
[2023-02-10T21:24:35.600] [WARN] default - Se intento ingresar al a ruta /favicon.ico
[2023-02-10T21:24:35.797] [WARN] default - Se intento ingresar al a ruta /favicon.ico
[2023-02-10T21:24:36.254] [WARN] default - Se intento ingresar al a ruta /favicon.ico
[2023-02-10T21:25:02.542] [WARN] default - Se intento ingresar al a ruta /favicon.ico
[2023-02-10T21:25:05.988] [WARN] default - Se intento ingresar al a ruta /favicon.ico
[2023-02-10T21:25:06.648] [WARN] default - Se intento ingresar al a ruta /favicon.ico
[2023-02-10T21:25:06.927] [WARN] default - Se intento ingresar al a ruta /favicon.ico
[2023-02-10T21:25:52.675] [WARN] default - Se intento ingresar al a ruta /favicon.ico
[2023-02-10T21:25:57.890] [WARN] default - Se intento ingresar al a ruta /favicon.ico
[2023-02-10T21:25:58.483] [WARN] default - Se intento ingresar al a ruta /favicon.ico
[2023-02-10T21:25:58.685] [WARN] default - Se intento ingresar al a ruta /favicon.ico
[2023-02-10T21:25:58.892] [WARN] default - Se intento ingresar al a ruta /favicon.ico
[2023-02-10T21:25:59.115] [WARN] default - Se intento ingresar al a ruta /favicon.ico
[2023-02-10T21:26:01.994] [WARN] default - Se intento ingresar al a ruta /favicon.ico
[2023-02-10T21:26:02.256] [WARN] default - Se intento ingresar al a ruta /favicon.ico
[2023-02-10T21:26:02.416] [WARN] default - Se intento ingresar al a ruta /favicon.ico
[2023-02-10T21:26:09.728] [WARN] default - Se intento ingresar al a ruta /favicon.ico
[2023-02-10T21:26:09.823] [WARN] default - Se intento ingresar al a ruta /favicon.ico
[2023-02-10T21:26:09.931] [WARN] default - Se intento ingresar al a ruta /favicon.ico
[2023-02-10T21:26:10.812] [WARN] default - Se intento ingresar al a ruta /favicon.ico
[2023-02-10T21:26:11.236] [WARN] default - Se intento ingresar al a ruta /favicon.ico
[2023-02-10T21:26:11.545] [WARN] default - Se intento ingresar al a ruta /favicon.ico
[2023-02-10T21:26:16.877] [WARN] default - Se intento ingresar al a ruta /favicon.ico
[2023-02-10T21:26:17.958] [WARN] default - Se intento ingresar al a ruta /favicon.ico
[2023-02-10T21:26:32.094] [WARN] default - Se intento ingresar al a ruta /favicon.ico
[2023-02-10T21:26:34.440] [WARN] default - Se intento ingresar al a ruta /favicon.ico
[2023-02-10T21:26:34.872] [WARN] default - Se intento ingresar al a ruta /favicon.ico
[2023-02-10T21:26:35.081] [WARN] default - Se intento ingresar al a ruta /favicon.ico
[2023-02-10T21:26:35.262] [WARN] default - Se intento ingresar al a ruta /favicon.ico
[2023-02-10T21:26:35.448] [WARN] default - Se intento ingresar al a ruta /favicon.ico
[2023-02-10T21:26:48.900] [WARN] default - Se intento ingresar al a ruta /favicon.ico
[2023-02-10T21:26:49.459] [WARN] default - Se intento ingresar al a ruta /favicon.ico
[2023-02-10T21:26:49.645] [WARN] default - Se intento ingresar al a ruta /favicon.ico
[2023-02-10T21:26:49.822] [WARN] default - Se intento ingresar al a ruta /favicon.ico
[2023-02-10T21:26:50.008] [WARN] default - Se intento ingresar al a ruta /favicon.ico
[2023-02-10T21:26:50.206] [WARN] default - Se intento ingresar al a ruta /favicon.ico
[2023-02-10T21:26:50.399] [WARN] default - Se intento ingresar al a ruta /favicon.ico
[2023-02-10T21:26:56.021] [WARN] default - Se intento ingresar al a ruta /favicon.ico
[2023-02-10T21:26:56.401] [WARN] default - Se intento ingresar al a ruta /favicon.ico
[2023-02-10T21:26:56.585] [WARN] default - Se intento ingresar al a ruta /favicon.ico
[2023-02-10T21:26:56.772] [WARN] default - Se intento ingresar al a ruta /favicon.ico
[2023-02-10T21:26:56.942] [WARN] default - Se intento ingresar al a ruta /favicon.ico
[2023-02-10T21:26:57.117] [WARN] default - Se intento ingresar al a ruta /favicon.ico
[2023-02-10T21:26:57.273] [WARN] default - Se intento ingresar al a ruta /favicon.ico
[2023-02-10T21:26:57.450] [WARN] default - Se intento ingresar al a ruta /favicon.ico
[2023-02-10T21:27:47.019] [WARN] default - Se intento ingresar al a ruta /favicon.ico
[2023-02-10T21:28:25.644] [WARN] default - Se intento ingresar al a ruta /favicon.ico
[2023-02-10T21:28:25.747] [WARN] default - Se intento ingresar al a ruta /favicon.ico
[2023-02-10T21:28:25.933] [WARN] default - Se intento ingresar al a ruta /favicon.ico
[2023-02-10T21:28:30.303] [WARN] default - Se intento ingresar al a ruta /favicon.ico
[2023-02-10T21:28:30.823] [WARN] default - Se intento ingresar al a ruta /favicon.ico
[2023-02-10T21:28:30.984] [WARN] default - Se intento ingresar al a ruta /favicon.ico
[2023-02-10T21:28:31.256] [WARN] default - Se intento ingresar al a ruta /favicon.ico
[2023-02-10T21:28:31.444] [WARN] default - Se intento ingresar al a ruta /favicon.ico
[2023-02-10T21:28:31.628] [WARN] default - Se intento ingresar al a ruta /favicon.ico
[2023-02-10T21:28:31.801] [WARN] default - Se intento ingresar al a ruta /favicon.ico
[2023-02-10T21:32:04.469] [WARN] default - Se intento ingresar al a ruta /favicon.ico
[2023-02-10T21:32:59.689] [WARN] default - Se intento ingresar al a ruta /favicon.ico
[2023-02-10T21:33:00.614] [WARN] default - Se intento ingresar al a ruta /favicon.ico
[2023-02-10T21:33:03.242] [WARN] default - Se intento ingresar al a ruta /favicon.ico
[2023-02-10T21:33:12.159] [WARN] default - Se intento ingresar al a ruta /favicon.ico
[2023-02-10T21:33:16.819] [WARN] default - Se intento ingresar al a ruta /favicon.ico
[2023-02-10T21:33:18.836] [WARN] default - Se intento ingresar al a ruta /favicon.ico
[2023-02-10T21:33:20.440] [WARN] default - Se intento ingresar al a ruta /favicon.ico
[2023-02-10T21:33:29.673] [WARN] default - Se intento ingresar al a ruta /favicon.ico
[2023-02-10T21:36:33.737] [WARN] default - Se intento ingresar al a ruta /favicon.ico
[2023-02-10T21:36:58.769] [WARN] default - Se intento ingresar al a ruta /favicon.ico
[2023-02-10T21:38:28.226] [WARN] default - Se intento ingresar al a ruta /favicon.ico
[2023-02-10T21:42:00.666] [WARN] default - Se intento ingresar al a ruta /favicon.ico
[2023-02-10T21:42:32.393] [WARN] default - Se intento ingresar al a ruta /favicon.ico
[2023-02-10T21:43:32.654] [WARN] default - Se intento ingresar al a ruta /favicon.ico
[2023-02-10T21:43:33.001] [WARN] default - Se intento ingresar al a ruta /favicon.ico
[2023-02-10T21:43:33.936] [WARN] default - Se intento ingresar al a ruta /favicon.ico
[2023-02-10T21:44:03.800] [WARN] default - Se intento ingresar al a ruta /favicon.ico
[2023-02-10T21:44:04.350] [WARN] default - Se intento ingresar al a ruta /favicon.ico
[2023-02-10T21:44:05.294] [WARN] default - Se intento ingresar al a ruta /favicon.ico
[2023-02-10T21:44:05.794] [WARN] default - Se intento ingresar al a ruta /favicon.ico
[2023-02-10T21:44:06.416] [WARN] default - Se intento ingresar al a ruta /favicon.ico
[2023-02-10T21:44:07.250] [WARN] default - Se intento ingresar al a ruta /favicon.ico
[2023-02-10T21:44:17.575] [WARN] default - Se intento ingresar al a ruta /favicon.ico
[2023-02-10T21:44:18.716] [WARN] default - Se intento ingresar al a ruta /favicon.ico
[2023-02-10T21:44:18.987] [WARN] default - Se intento ingresar al a ruta /favicon.ico
[2023-02-10T21:44:19.212] [WARN] default - Se intento ingresar al a ruta /favicon.ico
[2023-02-10T21:44:28.852] [WARN] default - Se intento ingresar al a ruta /favicon.ico
[2023-02-10T21:44:40.471] [WARN] default - Se intento ingresar al a ruta /favicon.ico
[2023-02-10T21:44:41.179] [WARN] default - Se intento ingresar al a ruta /favicon.ico
[2023-02-10T21:44:42.014] [WARN] default - Se intento ingresar al a ruta /favicon.ico
[2023-02-10T21:45:07.650] [WARN] default - Se intento ingresar al a ruta /favicon.ico
[2023-02-10T21:45:07.900] [WARN] default - Se intento ingresar al a ruta /favicon.ico
[2023-02-10T21:45:08.711] [WARN] default - Se intento ingresar al a ruta /favicon.ico
[2023-02-10T21:45:12.950] [WARN] default - Se intento ingresar al a ruta /favicon.ico
[2023-02-10T21:47:18.443] [WARN] default - Se intento ingresar al a ruta /favicon.ico
[2023-02-10T21:47:19.545] [WARN] default - Se intento ingresar al a ruta /favicon.ico
[2023-02-10T21:47:20.485] [WARN] default - Se intento ingresar al a ruta /favicon.ico
[2023-02-10T21:47:22.374] [WARN] default - Se intento ingresar al a ruta /favicon.ico
[2023-02-10T21:47:34.566] [WARN] default - Se intento ingresar al a ruta /favicon.ico
[2023-02-10T21:47:52.232] [WARN] default - Se intento ingresar al a ruta /favicon.ico
[2023-02-10T21:47:52.851] [WARN] default - Se intento ingresar al a ruta /favicon.ico
[2023-02-10T21:47:53.585] [WARN] default - Se intento ingresar al a ruta /favicon.ico
[2023-02-10T21:47:54.107] [WARN] default - Se intento ingresar al a ruta /favicon.ico
[2023-02-10T21:47:54.324] [WARN] default - Se intento ingresar al a ruta /favicon.ico
[2023-02-10T21:47:54.524] [WARN] default - Se intento ingresar al a ruta /favicon.ico
[2023-02-10T21:47:54.736] [WARN] default - Se intento ingresar al a ruta /favicon.ico
[2023-02-10T21:47:54.913] [WARN] default - Se intento ingresar al a ruta /favicon.ico
[2023-02-10T21:48:05.245] [WARN] default - Se intento ingresar al a ruta /favicon.ico
[2023-02-10T21:48:05.842] [WARN] default - Se intento ingresar al a ruta /favicon.ico
[2023-02-10T21:48:06.566] [WARN] default - Se intento ingresar al a ruta /favicon.ico
[2023-02-10T21:48:06.823] [WARN] default - Se intento ingresar al a ruta /favicon.ico
[2023-02-10T21:48:11.359] [WARN] default - Se intento ingresar al a ruta /favicon.ico
[2023-02-10T21:48:17.113] [WARN] default - Se intento ingresar al a ruta /favicon.ico
[2023-02-10T21:48:27.545] [WARN] default - Se intento ingresar al a ruta /favicon.ico
[2023-02-10T21:48:46.324] [WARN] default - Se intento ingresar al a ruta /favicon.ico
[2023-02-10T21:48:51.136] [WARN] default - Se intento ingresar al a ruta /favicon.ico
[2023-02-10T21:48:53.201] [WARN] default - Se intento ingresar al a ruta /favicon.ico
[2023-02-10T21:48:54.228] [WARN] default - Se intento ingresar al a ruta /favicon.ico
[2023-02-10T21:48:54.881] [WARN] default - Se intento ingresar al a ruta /favicon.ico
[2023-02-10T21:49:00.235] [WARN] default - Se intento ingresar al a ruta /favicon.ico
[2023-02-10T21:49:28.065] [WARN] default - Se intento ingresar al a ruta /favicon.ico
[2023-02-10T21:49:28.155] [WARN] default - Se intento ingresar al a ruta /favicon.ico
[2023-02-10T21:49:41.596] [WARN] default - Se intento ingresar al a ruta /favicon.ico
[2023-02-10T21:56:52.055] [WARN] default - Se intento ingresar al a ruta /favicon.ico
[2023-02-10T21:56:52.851] [WARN] default - Se intento ingresar al a ruta /favicon.ico
[2023-02-10T21:57:02.795] [WARN] default - Se intento ingresar al a ruta /favicon.ico
[2023-02-10T21:57:34.832] [WARN] default - Se intento ingresar al a ruta /favicon.ico
[2023-02-10T21:57:35.414] [WARN] default - Se intento ingresar al a ruta /favicon.ico
[2023-02-10T21:57:35.625] [WARN] default - Se intento ingresar al a ruta /favicon.ico
[2023-02-10T21:57:35.791] [WARN] default - Se intento ingresar al a ruta /favicon.ico
[2023-02-10T21:57:35.950] [WARN] default - Se intento ingresar al a ruta /favicon.ico
[2023-02-10T21:57:48.533] [WARN] default - Se intento ingresar al a ruta /favicon.ico
[2023-02-10T22:01:57.306] [WARN] default - Se intento ingresar al a ruta /favicon.ico
[2023-02-10T22:03:01.757] [WARN] default - Se intento ingresar al a ruta /favicon.ico
[2023-02-10T22:03:04.641] [WARN] default - Se intento ingresar al a ruta /favicon.ico
[2023-02-10T22:03:11.885] [WARN] default - Se intento ingresar al a ruta /favicon.ico
[2023-02-10T22:03:14.133] [WARN] default - Se intento ingresar al a ruta /favicon.ico
[2023-02-10T22:04:07.455] [WARN] default - Se intento ingresar al a ruta /favicon.ico
[2023-02-10T22:07:55.238] [WARN] default - Se intento ingresar al a ruta /favicon.ico
[2023-02-10T22:13:12.724] [WARN] default - Se intento ingresar al a ruta /favicon.ico
[2023-02-10T22:13:19.388] [WARN] default - Se intento ingresar al a ruta /favicon.ico
[2023-02-10T22:13:19.548] [WARN] default - Se intento ingresar al a ruta /favicon.ico
[2023-02-10T22:13:19.572] [WARN] default - Se intento ingresar al a ruta /favicon.ico
[2023-02-10T22:13:20.201] [WARN] default - Se intento ingresar al a ruta /favicon.ico
[2023-02-10T22:13:27.415] [WARN] default - Se intento ingresar al a ruta /favicon.ico
[2023-02-10T22:13:42.736] [WARN] default - Se intento ingresar al a ruta /favicon.ico
[2023-02-10T22:13:43.376] [WARN] default - Se intento ingresar al a ruta /favicon.ico
[2023-02-10T22:14:04.776] [WARN] default - Se intento ingresar al a ruta /favicon.ico
[2023-02-10T22:14:06.285] [WARN] default - Se intento ingresar al a ruta /favicon.ico
[2023-02-10T22:16:35.938] [WARN] default - Se intento ingresar al a ruta /favicon.ico
[2023-02-10T22:17:01.306] [WARN] default - Se intento ingresar al a ruta /favicon.ico
[2023-02-10T22:17:02.839] [WARN] default - Se intento ingresar al a ruta /favicon.ico
[2023-02-10T22:17:26.120] [WARN] default - Se intento ingresar al a ruta /favicon.ico
[2023-02-10T22:17:48.075] [WARN] default - Se intento ingresar al a ruta /favicon.ico
[2023-02-10T22:17:49.066] [WARN] default - Se intento ingresar al a ruta /favicon.ico
[2023-02-10T22:18:16.908] [WARN] default - Se intento ingresar al a ruta /favicon.ico
[2023-02-10T22:18:17.133] [WARN] default - Se intento ingresar al a ruta /favicon.ico
[2023-02-10T22:19:14.432] [WARN] default - Se intento ingresar al a ruta /favicon.ico
[2023-02-10T22:19:14.554] [WARN] default - Se intento ingresar al a ruta /favicon.ico
[2023-02-10T22:19:15.142] [WARN] default - Se intento ingresar al a ruta /favicon.ico
[2023-02-10T22:19:15.353] [WARN] default - Se intento ingresar al a ruta /favicon.ico
[2023-02-10T22:19:15.541] [WARN] default - Se intento ingresar al a ruta /favicon.ico
[2023-02-10T22:19:15.705] [WARN] default - Se intento ingresar al a ruta /favicon.ico
[2023-02-10T22:20:11.719] [WARN] default - Se intento ingresar al a ruta /favicon.ico
[2023-02-10T22:21:05.789] [WARN] default - Se intento ingresar al a ruta /favicon.ico
[2023-02-10T22:21:25.730] [WARN] default - Se intento ingresar al a ruta /favicon.ico
[2023-02-10T22:21:27.616] [WARN] default - Se intento ingresar al a ruta /favicon.ico
[2023-02-10T22:21:35.959] [WARN] default - Se intento ingresar al a ruta /favicon.ico
[2023-02-10T22:23:12.952] [WARN] default - Se intento ingresar al a ruta /favicon.ico
[2023-02-10T22:23:14.861] [WARN] default - Se intento ingresar al a ruta /favicon.ico
[2023-02-10T22:23:15.707] [WARN] default - Se intento ingresar al a ruta /favicon.ico
[2023-02-10T22:23:16.822] [WARN] default - Se intento ingresar al a ruta /favicon.ico
[2023-02-10T22:23:32.385] [WARN] default - Se intento ingresar al a ruta /favicon.ico
[2023-02-10T22:23:44.592] [WARN] default - Se intento ingresar al a ruta /favicon.ico
[2023-02-10T22:24:03.649] [WARN] default - Se intento ingresar al a ruta /favicon.ico
[2023-02-10T22:24:24.484] [WARN] default - Se intento ingresar al a ruta /favicon.ico
[2023-02-10T22:25:32.975] [WARN] default - Se intento ingresar al a ruta /favicon.ico
[2023-02-10T22:30:22.535] [WARN] default - Se intento ingresar al a ruta /favicon.ico
[2023-02-10T22:30:22.756] [WARN] default - Se intento ingresar al a ruta /favicon.ico
[2023-02-10T22:30:50.916] [WARN] default - Se intento ingresar al a ruta /favicon.ico
[2023-02-10T22:32:26.076] [WARN] default - Se intento ingresar al a ruta /favicon.ico
[2023-02-10T22:33:33.285] [WARN] default - Se intento ingresar al a ruta /favicon.ico
[2023-02-10T22:33:55.039] [WARN] default - Se intento ingresar al a ruta /favicon.ico
[2023-02-10T22:38:23.598] [WARN] default - Se intento ingresar al a ruta /favicon.ico
[2023-02-10T22:39:33.658] [WARN] default - Se intento ingresar al a ruta /favicon.ico
[2023-02-10T22:40:15.243] [WARN] default - Se intento ingresar al a ruta /favicon.ico
[2023-02-10T22:42:04.835] [WARN] default - Se intento ingresar al a ruta /favicon.ico
[2023-02-10T22:43:00.957] [WARN] default - Se intento ingresar al a ruta /favicon.ico
[2023-02-10T22:43:03.340] [WARN] default - Se intento ingresar al a ruta /favicon.ico
[2023-02-10T22:43:14.457] [WARN] default - Se intento ingresar al a ruta /favicon.ico
[2023-02-10T22:43:15.288] [WARN] default - Se intento ingresar al a ruta /favicon.ico
[2023-02-10T22:46:25.072] [WARN] default - Se intento ingresar al a ruta /favicon.ico
[2023-02-10T22:46:25.585] [WARN] default - Se intento ingresar al a ruta /favicon.ico
[2023-02-10T22:46:42.447] [WARN] default - Se intento ingresar al a ruta /favicon.ico
[2023-02-10T22:47:49.395] [WARN] default - Se intento ingresar al a ruta /favicon.ico
[2023-02-10T22:48:42.997] [WARN] default - Se intento ingresar al a ruta /favicon.ico
[2023-02-10T22:49:05.567] [WARN] default - Se intento ingresar al a ruta /favicon.ico
[2023-02-10T22:50:23.206] [WARN] default - Se intento ingresar al a ruta /favicon.ico
[2023-02-10T22:50:49.397] [WARN] default - Se intento ingresar al a ruta /favicon.ico
[2023-02-10T22:50:49.821] [WARN] default - Se intento ingresar al a ruta /favicon.ico
[2023-02-10T22:50:54.306] [WARN] default - Se intento ingresar al a ruta /favicon.ico
[2023-02-10T22:51:08.038] [WARN] default - Se intento ingresar al a ruta /favicon.ico
[2023-02-10T22:51:31.276] [WARN] default - Se intento ingresar al a ruta /favicon.ico
[2023-02-10T22:52:38.478] [WARN] default - Se intento ingresar al a ruta /favicon.ico
[2023-02-10T22:53:03.214] [WARN] default - Se intento ingresar al a ruta /favicon.ico
[2023-02-10T22:54:45.021] [WARN] default - Se intento ingresar al a ruta /favicon.ico
[2023-02-10T22:55:07.320] [WARN] default - Se intento ingresar al a ruta /favicon.ico
[2023-02-10T22:55:15.718] [WARN] default - Se intento ingresar al a ruta /favicon.ico
[2023-02-10T22:55:46.092] [WARN] default - Se intento ingresar al a ruta /favicon.ico
[2023-02-10T22:57:05.694] [WARN] default - Se intento ingresar al a ruta /favicon.ico
[2023-02-10T22:57:11.032] [WARN] default - Se intento ingresar al a ruta /favicon.ico
[2023-02-10T22:57:20.559] [WARN] default - Se intento ingresar al a ruta /favicon.ico
[2023-02-10T22:57:26.139] [WARN] default - Se intento ingresar al a ruta /favicon.ico
[2023-02-10T23:29:14.126] [WARN] default - Se intento ingresar al a ruta /favicon.ico
[2023-02-10T23:29:26.135] [WARN] default - Se intento ingresar al a ruta /favicon.ico
[2023-02-11T01:14:58.710] [WARN] default - Se intento ingresar al a ruta /api/create
[2023-02-11T01:15:19.645] [WARN] default - Se intento ingresar al a ruta /api/create
[2023-02-11T01:15:42.796] [WARN] default - Se intento ingresar al a ruta /api/create
[2023-02-11T01:16:33.271] [WARN] default - Se intento ingresar al a ruta /api/create
[2023-02-11T01:16:44.407] [WARN] default - Se intento ingresar al a ruta /api/create
